
================== ASTRAL ===================== 

This is ASTRAL version 5.6.2
Gene trees are treated as unrooted
104 trees read from Trimal_90_manual2/Trimal_90_manual2_comb_gene_trees.tre
All output trees will be *arbitrarily* rooted at A37_Exasperata_clean

======== Running the main analysis
Number of taxa: 140 (140 species)
Taxa: [A37_Exasperata_clean, 069_Nigricans_clean, 114_Sp5_clean, A01_Aegopogon_clean, A26_Rosanae_2_clean, NY023_Edmundoi_clean, 109_Sp9_clean, 102_Sp7_clean, 055_Aegopogon_clean, 044_Aegopogon_clean, 065_Albescens_clean, 003_Aegopogon_clean, 061_Angustifolia_clean, 014_Aegopogon_clean, G21_Papyrus_clean, 095_Barbigera_clean, NY090_Barbigera_clean, NY093_Aegopogon_clean, 083_Sp3_2_clean, 092_Barbigera_aff_clean, 100_Sp9_clean, 090_Aegopogon_aff_clean, NY059_Llanorum_clean, 131_Fraterna_clean, 104_Sp6_clean, A35_Bruniana_clean, 039_Verticillaris_clean, 113_Sp5_clean, NY091_Barbigera_hirsutula_clean, 025_Nigricans_clean, NY018_Llanorum_2_clean, 111_Sp5_clean, 071_Nigricans_clean, 030_Nigricans_clean, 42_Angustifolia_clean, 050_Aegopogon_clean, NY089_Barbigera_clean, NY078_Angustifolia_clean, G17_Aegopogon_clean, NY077_Angustifolia_clean, 126_Bruniana_clean, G09_Verticillaris_clean, NY021_Karstenii_clean, 076_Gracilis_clean, G35_Ramboi_clean, G14_Albescens_clean, G32_Barnebyana_clean, G30_Dubia_clean, A22_Inopinata_2_clean, NY027_Tuberosa_2_clean, NY032_Spruceana_clean, A15_Aspera_clean, NY062_Aspera_asperrima_clean, NY066_Aspera_var_clean, A31_Aspera_clean, NY061_Aspera_odd1_clean, NY065_Aspera_var_clean, NY057_Aspera_asperrima_clean, NY067_Aspera_var_clean, NY056_Aspera_clean, NY047_Aspera_aspera_clean, NY072_Aspera_clean, NY070_Aspera_clean, NY071_Aspera_clean, G05_Aspera_clean, NY048_Aspera_clean, A08_Aspera_clean, A07_Aspera_clean, NY074_Aspera_clean, NY073_Aspera_clean, NY068_Aspera_clean, NY060_Aspera_odd1_clean, NY046_Aspera_clean, NY028_Spruceana_clean, NY034_Spruceana_clean, NY030_Spruceana_clean, NY033_Spruceana_clean, NY031_Spruceana_clean, A30_Aspera_clean, NY055_Bipenicellata_clean, NY002_Dissitiflora_clean, NY010_Catharinae_clean, NY016_Kunhardtii_clean, NY052_Striphnocalyx_clean, NY011_Catharinae_2_clean, NY007_Duidae_clean, NY009_Duidae_2_clean, NY053_Fraterna_clean, NY050_Fraterna_clean, NY003_Sipapoana_clean, NY054_Bipenicellata_clean, NY044_Bipenicellata_clean, NY040_Bipenicellata_clean, NY038_Bipenicellata_clean, NY042_Bipenicellata_clean, F41_Edmundoi_clean, 107_Sp7_clean, NY022_Mathaei_clean, 116_Sp6_clean, 066_Aegopogon_clean, 098_Verticillaris_clean, 127_Johnwurdackiana_clean, NY017_Llanorum_2_clean, NY020_Karstenii_clean, G23_Melastomoides_clean, 079_Sp8_clean, NY051_Llanorum_clean, A10_Melastomoides_clean, 011_Papyrus_clean, 110_Sp6_clean, NY079_Albescens_clean, NY024_Edmundoi_clean, 085_Aegopogon_aff_clean, 088_Sp3_clean, A34_Bruniana_clean, 018_Barbigera_clean, NY085_Verticillaris_clean, 073_Aegopogon_clean, NY080_Papyrifera_clean, NY088_Barbigera_clean, G08_Albescens_clean, 094_Albescens_cf_clean, NY086_Barbigera_clean, 080_Sp8_clean, NY045_Aegopogon_clean, NY092_Aegopogon_clean, A18_Pogonanthera_2_clean, NY081_Papyrus_clean, NY087_Barbigera_clean, G13_Johnwurdackiana_2_clean, 052a_Melastomoides_clean, NY082_Verticillaris_clean, G02_Johnwurdackiana_clean, A29_Angustifolia_clean, H40_Nigricans_clean, NY094_Aegopogon_clean, G27_Desmocelis_clean, NY029_Spruceana_2_clean, NY069_Aspera_clean, 120_Rosanae_clean]
Taxon occupancy: {NY016_Kunhardtii_clean=66, 104_Sp6_clean=66, NY023_Edmundoi_clean=62, NY002_Dissitiflora_clean=62, 061_Angustifolia_clean=70, NY073_Aspera_clean=72, A15_Aspera_clean=50, NY086_Barbigera_clean=66, NY089_Barbigera_clean=68, 044_Aegopogon_clean=74, 065_Albescens_clean=66, NY018_Llanorum_2_clean=54, 083_Sp3_2_clean=60, NY093_Aegopogon_clean=70, NY055_Bipenicellata_clean=72, NY052_Striphnocalyx_clean=72, NY061_Aspera_odd1_clean=68, NY057_Aspera_asperrima_clean=72, G14_Albescens_clean=68, NY046_Aspera_clean=74, G09_Verticillaris_clean=68, A29_Angustifolia_clean=76, 107_Sp7_clean=70, A37_Exasperata_clean=62, NY051_Llanorum_clean=64, 025_Nigricans_clean=74, NY050_Fraterna_clean=72, NY070_Aspera_clean=68, NY045_Aegopogon_clean=60, G30_Dubia_clean=64, NY020_Karstenii_clean=64, 011_Papyrus_clean=66, A26_Rosanae_2_clean=58, A22_Inopinata_2_clean=22, 055_Aegopogon_clean=72, A10_Melastomoides_clean=76, NY094_Aegopogon_clean=66, F41_Edmundoi_clean=80, 039_Verticillaris_clean=66, 110_Sp6_clean=66, NY079_Albescens_clean=70, NY067_Aspera_var_clean=74, 095_Barbigera_clean=64, NY072_Aspera_clean=64, 066_Aegopogon_clean=70, G08_Albescens_clean=66, NY074_Aspera_clean=64, 076_Gracilis_clean=58, NY077_Angustifolia_clean=62, A18_Pogonanthera_2_clean=66, 116_Sp6_clean=66, NY078_Angustifolia_clean=62, 090_Aegopogon_aff_clean=64, A07_Aspera_clean=70, NY022_Mathaei_clean=60, 080_Sp8_clean=68, NY028_Spruceana_clean=60, G17_Aegopogon_clean=66, A30_Aspera_clean=78, 052a_Melastomoides_clean=66, G02_Johnwurdackiana_clean=64, 113_Sp5_clean=66, NY034_Spruceana_clean=56, NY031_Spruceana_clean=76, NY007_Duidae_clean=64, NY003_Sipapoana_clean=58, NY081_Papyrus_clean=70, NY068_Aspera_clean=70, 071_Nigricans_clean=68, 003_Aegopogon_clean=64, NY040_Bipenicellata_clean=62, 131_Fraterna_clean=72, NY033_Spruceana_clean=66, NY059_Llanorum_clean=68, G32_Barnebyana_clean=60, NY017_Llanorum_2_clean=62, NY021_Karstenii_clean=62, G05_Aspera_clean=72, NY047_Aspera_aspera_clean=68, NY082_Verticillaris_clean=64, 018_Barbigera_clean=68, 120_Rosanae_clean=6, NY056_Aspera_clean=74, G27_Desmocelis_clean=60, NY029_Spruceana_2_clean=26, NY027_Tuberosa_2_clean=54, NY066_Aspera_var_clean=48, A34_Bruniana_clean=58, 069_Nigricans_clean=66, 127_Johnwurdackiana_clean=64, 073_Aegopogon_clean=72, H40_Nigricans_clean=72, NY071_Aspera_clean=64, 014_Aegopogon_clean=74, NY038_Bipenicellata_clean=52, G23_Melastomoides_clean=74, A35_Bruniana_clean=70, NY090_Barbigera_clean=66, NY092_Aegopogon_clean=64, NY030_Spruceana_clean=70, NY042_Bipenicellata_clean=70, 098_Verticillaris_clean=74, NY048_Aspera_clean=68, NY087_Barbigera_clean=58, A01_Aegopogon_clean=58, NY088_Barbigera_clean=70, 094_Albescens_cf_clean=64, 079_Sp8_clean=60, 050_Aegopogon_clean=68, NY080_Papyrifera_clean=62, 111_Sp5_clean=64, NY053_Fraterna_clean=68, NY054_Bipenicellata_clean=70, NY091_Barbigera_hirsutula_clean=60, G35_Ramboi_clean=76, NY085_Verticillaris_clean=70, 085_Aegopogon_aff_clean=60, NY010_Catharinae_clean=66, 088_Sp3_clean=62, NY032_Spruceana_clean=54, 114_Sp5_clean=66, G13_Johnwurdackiana_2_clean=54, NY060_Aspera_odd1_clean=68, NY062_Aspera_asperrima_clean=50, 102_Sp7_clean=70, NY044_Bipenicellata_clean=52, NY024_Edmundoi_clean=58, 100_Sp9_clean=64, 109_Sp9_clean=64, 030_Nigricans_clean=68, 42_Angustifolia_clean=74, NY011_Catharinae_2_clean=68, A31_Aspera_clean=72, NY065_Aspera_var_clean=70, NY069_Aspera_clean=52, G21_Papyrus_clean=66, 092_Barbigera_aff_clean=72, A08_Aspera_clean=74, 126_Bruniana_clean=70, NY009_Duidae_2_clean=62}
Number of gene trees: 104
102 trees have missing taxa
Calculating quartet distance matrix (for completion of X)
Species tree distances calculated ...
Will attempt to complete bipartitions from X before adding using a distance matrix.
Building set of clusters (X) from gene trees 
------------------------------
gradient0: 8787
Number of Clusters after addition by distance: 8787
calculating extra bipartitions to be added at level 1 ...
Adding to X using resolutions of greedy consensus ...
Limit for sigma of degrees:3550
polytomy size limit : 70
discarded polytomies:  [3, 3, 3, 3, 3, 3, 3, 3, 4, 4, 5, 5, 7, 7, 8, 10, 12, 12, 37, 70]
Threshold 0.0:
Threshold 0.01:
Threshold 0.02:
Threshold 0.05:
polytomy of size 7; rounds with additions with at least 5 support: 9; clusters: 8879
polytomy of size 3; rounds with additions with at least 5 support: 0; clusters: 8881
Threshold 0.1:
polytomy of size 3; rounds with additions with at least 5 support: 0; clusters: 8881
polytomy of size 4; rounds with additions with at least 5 support: 0; clusters: 8881
polytomy of size 3; rounds with additions with at least 5 support: 0; clusters: 8881
polytomy of size 3; rounds with additions with at least 5 support: 0; clusters: 8881
polytomy of size 5; rounds with additions with at least 5 support: 2; clusters: 8897
polytomy of size 12; rounds with additions with at least 5 support: 11; clusters: 9161
polytomy of size 4; rounds with additions with at least 5 support: 3; clusters: 9167
Threshold 0.2:
polytomy of size 3; rounds with additions with at least 5 support: 0; clusters: 9167
polytomy of size 3; rounds with additions with at least 5 support: 0; clusters: 9167
polytomy of size 5; rounds with additions with at least 5 support: 0; clusters: 9167
polytomy of size 7; rounds with additions with at least 5 support: 0; clusters: 9179
polytomy of size 3; rounds with additions with at least 5 support: 0; clusters: 9179
polytomy of size 37; rounds with additions with at least 5 support: 0; clusters: 9437
Threshold 0.3333333333333333:
polytomy of size 8; rounds with additions with at least 5 support: 0; clusters: 9437
polytomy of size 3; rounds with additions with at least 5 support: 0; clusters: 9437
polytomy of size 12; rounds with additions with at least 5 support: 0; clusters: 9465
polytomy of size 10; rounds with additions with at least 5 support: 0; clusters: 9467
polytomy of size 70; rounds with additions with at least 5 support: 0; clusters: 9563
max k is :22
Number of Clusters after addition by greedy: 9563
gradient0 in heuristiic: 9563
partitions formed in 229.164 secs
Dynamic Programming starting after 229.314 secs
Using tree-based weight calculation.
Using polytree-based weight calculation.
Polytree max score: 753983936
Polytree building time: 3.882 seconds.
Number of quartet trees in the gene trees: 753983936
Size of largest cluster: 140
Greedy score: 376431412
estimationFactor: 2.002978263673702
Sub-optimal score: 376431412
Total Number of elements weighted: 14694
Normalized score (portion of input quartet trees satisfied before correcting for multiple individuals): 0.6211410822418371
Optimization score: 468330398
Optimal tree inferred in 258.35 secs.
(H40_Nigricans_clean,(050_Aegopogon_clean,((030_Nigricans_clean,NY092_Aegopogon_clean),((025_Nigricans_clean,071_Nigricans_clean),(098_Verticillaris_clean,(((A01_Aegopogon_clean,055_Aegopogon_clean),((044_Aegopogon_clean,NY094_Aegopogon_clean),((073_Aegopogon_clean,NY045_Aegopogon_clean),(066_Aegopogon_clean,(069_Nigricans_clean,A29_Angustifolia_clean))))),((011_Papyrus_clean,((065_Albescens_clean,(039_Verticillaris_clean,G08_Albescens_clean)),(131_Fraterna_clean,(061_Angustifolia_clean,42_Angustifolia_clean)))),(((NY080_Papyrifera_clean,(G21_Papyrus_clean,NY081_Papyrus_clean)),(014_Aegopogon_clean,(A37_Exasperata_clean,003_Aegopogon_clean))),(((NY079_Albescens_clean,094_Albescens_cf_clean),(G17_Aegopogon_clean,(114_Sp5_clean,(113_Sp5_clean,111_Sp5_clean)))),((NY077_Angustifolia_clean,NY082_Verticillaris_clean),((G09_Verticillaris_clean,(127_Johnwurdackiana_clean,G02_Johnwurdackiana_clean)),((NY093_Aegopogon_clean,G13_Johnwurdackiana_2_clean),(((109_Sp9_clean,((F41_Edmundoi_clean,(100_Sp9_clean,NY024_Edmundoi_clean)),((107_Sp7_clean,(NY023_Edmundoi_clean,NY085_Verticillaris_clean)),((102_Sp7_clean,083_Sp3_2_clean),(092_Barbigera_aff_clean,088_Sp3_clean))))),((((104_Sp6_clean,A18_Pogonanthera_2_clean),(116_Sp6_clean,110_Sp6_clean)),(052a_Melastomoides_clean,((G23_Melastomoides_clean,(A10_Melastomoides_clean,018_Barbigera_clean)),(A34_Bruniana_clean,(A35_Bruniana_clean,126_Bruniana_clean))))),((NY078_Angustifolia_clean,(NY018_Llanorum_2_clean,(NY051_Llanorum_clean,(NY059_Llanorum_clean,NY017_Llanorum_2_clean)))),((NY087_Barbigera_clean,(079_Sp8_clean,(NY086_Barbigera_clean,080_Sp8_clean))),((NY091_Barbigera_hirsutula_clean,NY089_Barbigera_clean),(095_Barbigera_clean,(NY090_Barbigera_clean,NY088_Barbigera_clean))))))),((A26_Rosanae_2_clean,(090_Aegopogon_aff_clean,085_Aegopogon_aff_clean)),((NY021_Karstenii_clean,(NY022_Mathaei_clean,NY020_Karstenii_clean)),(NY044_Bipenicellata_clean,((NY042_Bipenicellata_clean,(NY054_Bipenicellata_clean,(NY055_Bipenicellata_clean,NY040_Bipenicellata_clean))),((NY038_Bipenicellata_clean,((NY052_Striphnocalyx_clean,(NY016_Kunhardtii_clean,(NY010_Catharinae_clean,NY011_Catharinae_2_clean))),((NY002_Dissitiflora_clean,NY003_Sipapoana_clean),((NY007_Duidae_clean,NY009_Duidae_2_clean),(NY053_Fraterna_clean,NY050_Fraterna_clean))))),(((G27_Desmocelis_clean,120_Rosanae_clean),(A22_Inopinata_2_clean,(076_Gracilis_clean,(G35_Ramboi_clean,(NY027_Tuberosa_2_clean,(G14_Albescens_clean,(G32_Barnebyana_clean,G30_Dubia_clean))))))),((A30_Aspera_clean,(NY030_Spruceana_clean,NY031_Spruceana_clean)),((NY034_Spruceana_clean,NY033_Spruceana_clean),(A15_Aspera_clean,(NY029_Spruceana_2_clean,((NY032_Spruceana_clean,NY028_Spruceana_clean),((NY061_Aspera_odd1_clean,NY060_Aspera_odd1_clean),(((NY046_Aspera_clean,(A07_Aspera_clean,NY068_Aspera_clean)),(NY072_Aspera_clean,(NY062_Aspera_asperrima_clean,NY074_Aspera_clean))),(NY066_Aspera_var_clean,(A31_Aspera_clean,(((NY070_Aspera_clean,NY073_Aspera_clean),(NY057_Aspera_asperrima_clean,NY069_Aspera_clean)),(NY067_Aspera_var_clean,((NY047_Aspera_aspera_clean,(G05_Aspera_clean,NY048_Aspera_clean)),(NY071_Aspera_clean,(NY065_Aspera_var_clean,(NY056_Aspera_clean,A08_Aspera_clean))))))))))))))))))))))))))))))))));
Final quartet score is: 468330398
Final normalized quartet score is: 0.6211410822418371
You may want to ignore posterior probabilities and other statistics related to the following branch branch because the effective number of genes impacting it is only 6:
	{G27_Desmocelis_clean, 120_Rosanae_clean}
(A37_Exasperata_clean,(003_Aegopogon_clean,(014_Aegopogon_clean,((NY080_Papyrifera_clean,(G21_Papyrus_clean,NY081_Papyrus_clean)0.83:0.1412143946974789)0.88:0.1623208392052874,((((NY079_Albescens_clean,094_Albescens_cf_clean)0.42:0.02598789519602968,(G17_Aegopogon_clean,(114_Sp5_clean,(113_Sp5_clean,111_Sp5_clean)0.29:0.026919439335043458)0.85:0.154368660050867)0.55:0.07670865548010143)0.56:0.05398520858445386,((NY077_Angustifolia_clean,NY082_Verticillaris_clean)0.77:0.12151252240818546,((G09_Verticillaris_clean,(127_Johnwurdackiana_clean,G02_Johnwurdackiana_clean)1:0.3624031558882542)0.34:8.18842944267474E-4,((NY093_Aegopogon_clean,G13_Johnwurdackiana_2_clean)0.66:0.0900969217787624,(((109_Sp9_clean,((F41_Edmundoi_clean,(100_Sp9_clean,NY024_Edmundoi_clean)0.38:0.009103366335778707)0.74:0.10640345782524431,((107_Sp7_clean,(NY023_Edmundoi_clean,NY085_Verticillaris_clean)1:0.42126840757888356)0.6:0.07453249836091358,((102_Sp7_clean,083_Sp3_2_clean)0.57:0.06350794596184951,(092_Barbigera_aff_clean,088_Sp3_clean)0.65:0.08162448611898493)0.82:0.13216369188159185)0.41:0.017917879269227027)0.3:0.0)0.95:0.1971013909500431,((((104_Sp6_clean,A18_Pogonanthera_2_clean)0.92:0.19605640715469577,(116_Sp6_clean,110_Sp6_clean)0.83:0.13678594935248603)0.68:0.09255592896602079,(052a_Melastomoides_clean,((G23_Melastomoides_clean,(A10_Melastomoides_clean,018_Barbigera_clean)0.96:0.22451815943437176)0.83:0.13429088193701078,(A34_Bruniana_clean,(A35_Bruniana_clean,126_Bruniana_clean)0.79:0.1298096297704658)0.99:0.2785811205948109)0.54:0.055706341977808424)0.52:0.048314283013697806)0.87:0.14506791385018206,((NY078_Angustifolia_clean,(NY018_Llanorum_2_clean,(NY051_Llanorum_clean,(NY059_Llanorum_clean,NY017_Llanorum_2_clean)1:0.36943913441446624)0.99:0.30267904377012)0.75:0.12015305171173869)0.43:0.020899643876844377,((NY087_Barbigera_clean,(079_Sp8_clean,(NY086_Barbigera_clean,080_Sp8_clean)0.91:0.18423446291563134)0.63:0.08591239323931105)0.73:0.12119877530125749,((NY091_Barbigera_hirsutula_clean,NY089_Barbigera_clean)0.57:0.06860023073659849,(095_Barbigera_clean,(NY090_Barbigera_clean,NY088_Barbigera_clean)0.57:0.07643270488110367)0.41:0.024529358892508568)0.96:0.21462218202198396)0.67:0.08715591304653707)0.56:0.05628024513428823)0.35:0.0)0.57:0.05239538803795845,((A26_Rosanae_2_clean,(090_Aegopogon_aff_clean,085_Aegopogon_aff_clean)0.68:0.09424440116277392)0.51:0.0454578788422499,((NY021_Karstenii_clean,(NY022_Mathaei_clean,NY020_Karstenii_clean)0.54:0.08072001142116106)0.46:0.03668320906493018,(NY044_Bipenicellata_clean,((NY042_Bipenicellata_clean,(NY054_Bipenicellata_clean,(NY055_Bipenicellata_clean,NY040_Bipenicellata_clean)1:0.39382546181884687)0.96:0.22072649284503837)0.91:0.1621866141124039,((NY038_Bipenicellata_clean,((NY052_Striphnocalyx_clean,(NY016_Kunhardtii_clean,(NY010_Catharinae_clean,NY011_Catharinae_2_clean)1:1.1727070951743543)1:0.3894919325511914)1:0.55574841404942,((NY002_Dissitiflora_clean,NY003_Sipapoana_clean)1:0.7268053165676062,((NY007_Duidae_clean,NY009_Duidae_2_clean)1:0.5215259848305279,(NY053_Fraterna_clean,NY050_Fraterna_clean)1:0.8823666739366978)1:0.9930850150642875)0.88:0.17116304290074905)1:0.7817147518651091)1:0.3602631324158126,(((G27_Desmocelis_clean,120_Rosanae_clean)0.34:0.0,(A22_Inopinata_2_clean,(076_Gracilis_clean,(G35_Ramboi_clean,(NY027_Tuberosa_2_clean,(G14_Albescens_clean,(G32_Barnebyana_clean,G30_Dubia_clean)0.31:0.0512839137412483)1:0.38552529680707576)0.98:0.2682135886125089)1:0.3779201539385855)0.38:0.113058730869295)0.49:0.10897641309305722)1:1.2367847305105457,((A30_Aspera_clean,(NY030_Spruceana_clean,NY031_Spruceana_clean)1:0.3160941651532995)0.64:0.07735964169262853,((NY034_Spruceana_clean,NY033_Spruceana_clean)0.5:0.046272019173340326,(A15_Aspera_clean,(NY029_Spruceana_2_clean,((NY032_Spruceana_clean,NY028_Spruceana_clean)0.64:0.08319067842519806,((NY061_Aspera_odd1_clean,NY060_Aspera_odd1_clean)1:0.664768612737019,(((NY046_Aspera_clean,(A07_Aspera_clean,NY068_Aspera_clean)0.46:0.03370702844481364)0.85:0.14883322048897574,(NY072_Aspera_clean,(NY062_Aspera_asperrima_clean,NY074_Aspera_clean)0.55:0.057913457758976494)0.38:0.03479010859861484)0.85:0.1587520909134085,(NY066_Aspera_var_clean,(A31_Aspera_clean,(((NY070_Aspera_clean,NY073_Aspera_clean)0.38:0.012937324265772805,(NY057_Aspera_asperrima_clean,NY069_Aspera_clean)0.64:0.09095643647387111)0.21:0.0,(NY067_Aspera_var_clean,((NY047_Aspera_aspera_clean,(G05_Aspera_clean,NY048_Aspera_clean)0.82:0.1477927171148791)0.54:0.05005810041906312,(NY071_Aspera_clean,(NY065_Aspera_var_clean,(NY056_Aspera_clean,A08_Aspera_clean)0.32:0.0)0.91:0.17744252318097226)0.33:0.0)0.36:0.0037565952834102425)0.59:0.06150083708595629)0.49:0.04572797703316494)0.99:0.34490884696594865)0.39:0.08731857309898049)1:0.3761019036274425)1:0.9015790728605558)0.87:0.24989801168445888)0.66:0.207674301225345)0.63:0.10478931996196324)0.47:0.03526494883033594)1:0.7861953779550603)1:0.48256082616514323)0.97:0.2227774243262798)0.43:0.0245107575651767)0.81:0.1458936581022385)1:0.35770172174041664)0.6:0.06667546811086512)0.55:0.050278682999799776)0.48:0.033840999128516465)0.39:0.015353878304870974)0.44:0.02305988980039852)0.32:0.0,((011_Papyrus_clean,((065_Albescens_clean,(039_Verticillaris_clean,G08_Albescens_clean)0.35:0.0)0.82:0.13299220568283607,(131_Fraterna_clean,(061_Angustifolia_clean,42_Angustifolia_clean)0.37:0.00806909796322112)0.34:8.30553055197539E-5)0.51:0.04520757939615117)0.36:0.004043302568278531,(((A01_Aegopogon_clean,055_Aegopogon_clean)0.73:0.11145800697783154,((044_Aegopogon_clean,NY094_Aegopogon_clean)0.97:0.2274387676097065,((073_Aegopogon_clean,NY045_Aegopogon_clean)0.44:0.02510692999414562,(066_Aegopogon_clean,(069_Nigricans_clean,A29_Angustifolia_clean)0.85:0.1482627273190732)0.45:0.028888393162130828)0.5:0.0382274672158489)0.24:0.0)0.56:0.057536235320171034,(098_Verticillaris_clean,((025_Nigricans_clean,071_Nigricans_clean)0.59:0.06250825440707036,((030_Nigricans_clean,NY092_Aegopogon_clean)0.57:0.05807124719443736,(050_Aegopogon_clean,H40_Nigricans_clean)0.76:0.1265289365698452)0.52:0.044755906941800525)0.63:0.07446242930528588)0.22:0.0)0.57:0.06409531928019029)0.45:0.026014150978430246)0.37:0.014549109346204007)0.97:0.2431912815076547)0.45:0.07030053938152336));
Weight calculation took 3.875520492 secs
ASTRAL finished in 292.985 secs
