
================== ASTRAL ===================== 

This is ASTRAL version 5.6.2
Gene trees are treated as unrooted
118 trees read from Trimal_50_gblocks_manual/Trimal_50_gblocks_manual_comb_gene_trees.tre
All output trees will be *arbitrarily* rooted at A29_Angustifolia_clean

======== Running the main analysis
Number of taxa: 140 (140 species)
Taxa: [A29_Angustifolia_clean, 114_Sp5_clean, A18_Pogonanthera_2_clean, 066_Aegopogon_clean, G23_Melastomoides_clean, 110_Sp6_clean, NY017_Llanorum_2_clean, 095_Barbigera_clean, NY022_Mathaei_clean, A35_Bruniana_clean, 104_Sp6_clean, 052a_Melastomoides_clean, NY018_Llanorum_2_clean, NY051_Llanorum_clean, 102_Sp7_clean, NY009_Duidae_2_clean, NY007_Duidae_clean, NY050_Fraterna_clean, NY053_Fraterna_clean, NY003_Sipapoana_clean, NY002_Dissitiflora_clean, NY011_Catharinae_2_clean, NY010_Catharinae_clean, NY016_Kunhardtii_clean, NY052_Striphnocalyx_clean, NY020_Karstenii_clean, NY080_Papyrifera_clean, NY086_Barbigera_clean, 071_Nigricans_clean, 069_Nigricans_clean, A10_Melastomoides_clean, 030_Nigricans_clean, NY024_Edmundoi_clean, NY023_Edmundoi_clean, 079_Sp8_clean, NY059_Llanorum_clean, NY081_Papyrus_clean, NY088_Barbigera_clean, 131_Fraterna_clean, 018_Barbigera_clean, NY082_Verticillaris_clean, 025_Nigricans_clean, F41_Edmundoi_clean, NY094_Aegopogon_clean, NY085_Verticillaris_clean, NY021_Karstenii_clean, NY091_Barbigera_hirsutula_clean, NY089_Barbigera_clean, NY087_Barbigera_clean, NY042_Bipenicellata_clean, NY054_Bipenicellata_clean, NY093_Aegopogon_clean, 42_Angustifolia_clean, 085_Aegopogon_aff_clean, A01_Aegopogon_clean, NY044_Bipenicellata_clean, NY090_Barbigera_clean, A26_Rosanae_2_clean, 127_Johnwurdackiana_clean, A37_Exasperata_clean, NY078_Angustifolia_clean, G21_Papyrus_clean, 039_Verticillaris_clean, A34_Bruniana_clean, 126_Bruniana_clean, 080_Sp8_clean, G09_Verticillaris_clean, NY077_Angustifolia_clean, 113_Sp5_clean, 116_Sp6_clean, 055_Aegopogon_clean, 003_Aegopogon_clean, 011_Papyrus_clean, G13_Johnwurdackiana_2_clean, G32_Barnebyana_clean, 076_Gracilis_clean, A22_Inopinata_2_clean, G27_Desmocelis_clean, G35_Ramboi_clean, NY027_Tuberosa_2_clean, G30_Dubia_clean, G14_Albescens_clean, A15_Aspera_clean, NY034_Spruceana_clean, NY033_Spruceana_clean, A30_Aspera_clean, NY032_Spruceana_clean, NY068_Aspera_clean, NY067_Aspera_var_clean, NY048_Aspera_clean, NY057_Aspera_asperrima_clean, NY071_Aspera_clean, A31_Aspera_clean, NY047_Aspera_aspera_clean, NY073_Aspera_clean, NY056_Aspera_clean, G05_Aspera_clean, A08_Aspera_clean, NY061_Aspera_odd1_clean, NY060_Aspera_odd1_clean, NY072_Aspera_clean, NY070_Aspera_clean, NY066_Aspera_var_clean, NY069_Aspera_clean, NY046_Aspera_clean, A07_Aspera_clean, NY074_Aspera_clean, NY065_Aspera_var_clean, NY030_Spruceana_clean, NY062_Aspera_asperrima_clean, NY031_Spruceana_clean, NY028_Spruceana_clean, NY040_Bipenicellata_clean, NY055_Bipenicellata_clean, NY038_Bipenicellata_clean, NY079_Albescens_clean, NY045_Aegopogon_clean, 111_Sp5_clean, 073_Aegopogon_clean, 044_Aegopogon_clean, 014_Aegopogon_clean, NY092_Aegopogon_clean, G02_Johnwurdackiana_clean, G08_Albescens_clean, 109_Sp9_clean, 083_Sp3_2_clean, 088_Sp3_clean, 092_Barbigera_aff_clean, 094_Albescens_cf_clean, 098_Verticillaris_clean, 065_Albescens_clean, 061_Angustifolia_clean, H40_Nigricans_clean, 100_Sp9_clean, 050_Aegopogon_clean, 090_Aegopogon_aff_clean, G17_Aegopogon_clean, 107_Sp7_clean, NY029_Spruceana_2_clean, 120_Rosanae_clean]
Taxon occupancy: {NY016_Kunhardtii_clean=78, 104_Sp6_clean=76, NY002_Dissitiflora_clean=74, NY023_Edmundoi_clean=72, NY073_Aspera_clean=84, 061_Angustifolia_clean=82, A15_Aspera_clean=62, NY086_Barbigera_clean=78, NY089_Barbigera_clean=78, 044_Aegopogon_clean=84, 065_Albescens_clean=78, NY018_Llanorum_2_clean=66, 083_Sp3_2_clean=68, NY093_Aegopogon_clean=82, NY052_Striphnocalyx_clean=84, NY055_Bipenicellata_clean=84, NY057_Aspera_asperrima_clean=84, NY061_Aspera_odd1_clean=78, G14_Albescens_clean=82, NY046_Aspera_clean=86, A29_Angustifolia_clean=86, G09_Verticillaris_clean=80, 107_Sp7_clean=78, NY051_Llanorum_clean=74, A37_Exasperata_clean=74, NY050_Fraterna_clean=88, 025_Nigricans_clean=86, NY070_Aspera_clean=80, NY045_Aegopogon_clean=72, NY020_Karstenii_clean=76, 011_Papyrus_clean=78, G30_Dubia_clean=78, A26_Rosanae_2_clean=70, A22_Inopinata_2_clean=18, 055_Aegopogon_clean=82, A10_Melastomoides_clean=88, NY094_Aegopogon_clean=78, F41_Edmundoi_clean=94, 039_Verticillaris_clean=78, 110_Sp6_clean=76, NY079_Albescens_clean=82, NY067_Aspera_var_clean=86, 095_Barbigera_clean=76, NY072_Aspera_clean=78, 066_Aegopogon_clean=82, G08_Albescens_clean=76, NY074_Aspera_clean=76, 076_Gracilis_clean=70, A18_Pogonanthera_2_clean=78, NY077_Angustifolia_clean=74, 116_Sp6_clean=78, NY078_Angustifolia_clean=74, 090_Aegopogon_aff_clean=74, A07_Aspera_clean=82, NY022_Mathaei_clean=72, 080_Sp8_clean=80, NY028_Spruceana_clean=72, A30_Aspera_clean=90, G17_Aegopogon_clean=78, 052a_Melastomoides_clean=78, G02_Johnwurdackiana_clean=76, NY007_Duidae_clean=76, 113_Sp5_clean=78, NY034_Spruceana_clean=68, NY031_Spruceana_clean=88, NY003_Sipapoana_clean=70, NY081_Papyrus_clean=82, NY068_Aspera_clean=80, 071_Nigricans_clean=80, 003_Aegopogon_clean=76, NY040_Bipenicellata_clean=72, 131_Fraterna_clean=86, NY033_Spruceana_clean=78, NY059_Llanorum_clean=80, G32_Barnebyana_clean=74, NY017_Llanorum_2_clean=74, NY021_Karstenii_clean=74, G05_Aspera_clean=84, NY082_Verticillaris_clean=74, NY047_Aspera_aspera_clean=78, 018_Barbigera_clean=80, 120_Rosanae_clean=2, NY056_Aspera_clean=86, G27_Desmocelis_clean=74, NY029_Spruceana_2_clean=26, NY027_Tuberosa_2_clean=66, A34_Bruniana_clean=70, NY066_Aspera_var_clean=58, 069_Nigricans_clean=78, 127_Johnwurdackiana_clean=76, 073_Aegopogon_clean=84, H40_Nigricans_clean=82, NY071_Aspera_clean=76, G23_Melastomoides_clean=86, NY038_Bipenicellata_clean=62, 014_Aegopogon_clean=86, A35_Bruniana_clean=80, NY090_Barbigera_clean=78, NY092_Aegopogon_clean=74, NY042_Bipenicellata_clean=82, NY030_Spruceana_clean=82, 098_Verticillaris_clean=84, NY048_Aspera_clean=80, NY087_Barbigera_clean=70, A01_Aegopogon_clean=70, NY088_Barbigera_clean=82, 094_Albescens_cf_clean=74, 079_Sp8_clean=72, NY080_Papyrifera_clean=76, 050_Aegopogon_clean=80, NY053_Fraterna_clean=82, NY054_Bipenicellata_clean=80, 111_Sp5_clean=76, NY091_Barbigera_hirsutula_clean=72, G35_Ramboi_clean=88, NY085_Verticillaris_clean=80, 085_Aegopogon_aff_clean=72, NY010_Catharinae_clean=80, 088_Sp3_clean=72, NY032_Spruceana_clean=66, 114_Sp5_clean=78, G13_Johnwurdackiana_2_clean=66, NY060_Aspera_odd1_clean=78, NY062_Aspera_asperrima_clean=62, 102_Sp7_clean=82, NY044_Bipenicellata_clean=62, NY024_Edmundoi_clean=70, 100_Sp9_clean=76, 109_Sp9_clean=74, 030_Nigricans_clean=78, 42_Angustifolia_clean=84, NY011_Catharinae_2_clean=82, A31_Aspera_clean=84, NY065_Aspera_var_clean=82, NY069_Aspera_clean=64, G21_Papyrus_clean=76, 092_Barbigera_aff_clean=82, A08_Aspera_clean=84, 126_Bruniana_clean=80, NY009_Duidae_2_clean=76}
Number of gene trees: 118
118 trees have missing taxa
Calculating quartet distance matrix (for completion of X)
Species tree distances calculated ...
Will attempt to complete bipartitions from X before adding using a distance matrix.
Building set of clusters (X) from gene trees 
------------------------------
gradient0: 9607
Number of Clusters after addition by distance: 9607
calculating extra bipartitions to be added at level 1 ...
Adding to X using resolutions of greedy consensus ...
Limit for sigma of degrees:3550
polytomy size limit : 70
discarded polytomies:  [3, 3, 3, 4, 4, 4, 4, 6, 6, 7, 7, 13, 33, 70]
Threshold 0.0:
Threshold 0.01:
Threshold 0.02:
polytomy of size 3; rounds with additions with at least 5 support: 1; clusters: 9609
Threshold 0.05:
polytomy of size 6; rounds with additions with at least 5 support: 4; clusters: 9649
Threshold 0.1:
polytomy of size 7; rounds with additions with at least 5 support: 1; clusters: 9671
Threshold 0.2:
polytomy of size 4; rounds with additions with at least 5 support: 0; clusters: 9671
polytomy of size 6; rounds with additions with at least 5 support: 1; clusters: 9681
polytomy of size 4; rounds with additions with at least 5 support: 0; clusters: 9681
polytomy of size 33; rounds with additions with at least 5 support: 1; clusters: 10027
Threshold 0.3333333333333333:
polytomy of size 3; rounds with additions with at least 5 support: 0; clusters: 10027
polytomy of size 3; rounds with additions with at least 5 support: 0; clusters: 10029
polytomy of size 4; rounds with additions with at least 5 support: 0; clusters: 10029
polytomy of size 4; rounds with additions with at least 5 support: 0; clusters: 10029
polytomy of size 13; rounds with additions with at least 5 support: 0; clusters: 10037
polytomy of size 7; rounds with additions with at least 5 support: 0; clusters: 10039
polytomy of size 70; rounds with additions with at least 5 support: 0; clusters: 10169
max k is :8
Number of Clusters after addition by greedy: 10169
gradient0 in heuristiic: 10169
partitions formed in 138.687 secs
Dynamic Programming starting after 138.83 secs
Using tree-based weight calculation.
Using polytree-based weight calculation.
Polytree max score: 897470830
Polytree building time: 1.499 seconds.
Number of quartet trees in the gene trees: 897470830
Size of largest cluster: 140
Greedy score: 538316224
estimationFactor: 1.6671814632137114
Sub-optimal score: 538316224
Total Number of elements weighted: 14831
Normalized score (portion of input quartet trees satisfied before correcting for multiple individuals): 0.6266796504127048
Optimization score: 562426706
Optimal tree inferred in 156.971 secs.
(050_Aegopogon_clean,((42_Angustifolia_clean,(055_Aegopogon_clean,044_Aegopogon_clean)),((003_Aegopogon_clean,014_Aegopogon_clean),((G09_Verticillaris_clean,(NY094_Aegopogon_clean,(H40_Nigricans_clean,((069_Nigricans_clean,030_Nigricans_clean),(071_Nigricans_clean,025_Nigricans_clean))))),(((131_Fraterna_clean,G17_Aegopogon_clean),((098_Verticillaris_clean,(065_Albescens_clean,((039_Verticillaris_clean,G08_Albescens_clean),(A29_Angustifolia_clean,061_Angustifolia_clean)))),((NY079_Albescens_clean,(114_Sp5_clean,(113_Sp5_clean,111_Sp5_clean))),((011_Papyrus_clean,G02_Johnwurdackiana_clean),(066_Aegopogon_clean,(NY045_Aegopogon_clean,073_Aegopogon_clean)))))),((A01_Aegopogon_clean,A37_Exasperata_clean),(NY092_Aegopogon_clean,((NY093_Aegopogon_clean,(094_Albescens_cf_clean,(NY082_Verticillaris_clean,NY077_Angustifolia_clean))),((NY080_Papyrifera_clean,(NY081_Papyrus_clean,G21_Papyrus_clean)),((127_Johnwurdackiana_clean,G13_Johnwurdackiana_2_clean),((085_Aegopogon_aff_clean,090_Aegopogon_aff_clean),((((NY091_Barbigera_hirsutula_clean,(NY088_Barbigera_clean,(NY090_Barbigera_clean,(095_Barbigera_clean,NY089_Barbigera_clean)))),((NY087_Barbigera_clean,(NY086_Barbigera_clean,(079_Sp8_clean,080_Sp8_clean))),(NY078_Angustifolia_clean,(NY018_Llanorum_2_clean,(NY017_Llanorum_2_clean,(NY051_Llanorum_clean,NY059_Llanorum_clean)))))),((((NY085_Verticillaris_clean,100_Sp9_clean),(NY024_Edmundoi_clean,F41_Edmundoi_clean)),((083_Sp3_2_clean,(088_Sp3_clean,092_Barbigera_aff_clean)),((NY023_Edmundoi_clean,109_Sp9_clean),(102_Sp7_clean,107_Sp7_clean)))),((A26_Rosanae_2_clean,(110_Sp6_clean,116_Sp6_clean)),((A18_Pogonanthera_2_clean,104_Sp6_clean),((A34_Bruniana_clean,(A35_Bruniana_clean,126_Bruniana_clean)),(052a_Melastomoides_clean,(G23_Melastomoides_clean,(A10_Melastomoides_clean,018_Barbigera_clean)))))))),((NY022_Mathaei_clean,(NY020_Karstenii_clean,NY021_Karstenii_clean)),(NY054_Bipenicellata_clean,((NY042_Bipenicellata_clean,NY044_Bipenicellata_clean),(((NY038_Bipenicellata_clean,(NY040_Bipenicellata_clean,NY055_Bipenicellata_clean)),((NY052_Striphnocalyx_clean,(NY016_Kunhardtii_clean,(NY011_Catharinae_2_clean,NY010_Catharinae_clean))),((NY003_Sipapoana_clean,NY002_Dissitiflora_clean),((NY009_Duidae_2_clean,NY007_Duidae_clean),(NY050_Fraterna_clean,NY053_Fraterna_clean))))),((A22_Inopinata_2_clean,(G27_Desmocelis_clean,(076_Gracilis_clean,((G35_Ramboi_clean,120_Rosanae_clean),(NY027_Tuberosa_2_clean,(G32_Barnebyana_clean,(G30_Dubia_clean,G14_Albescens_clean))))))),((A30_Aspera_clean,(NY030_Spruceana_clean,NY031_Spruceana_clean)),((NY034_Spruceana_clean,NY033_Spruceana_clean),(NY028_Spruceana_clean,(NY029_Spruceana_2_clean,(A15_Aspera_clean,(NY032_Spruceana_clean,((NY061_Aspera_odd1_clean,NY060_Aspera_odd1_clean),(NY066_Aspera_var_clean,(((NY068_Aspera_clean,(NY046_Aspera_clean,A07_Aspera_clean)),(NY062_Aspera_asperrima_clean,(NY072_Aspera_clean,NY074_Aspera_clean))),(A31_Aspera_clean,(NY069_Aspera_clean,((NY073_Aspera_clean,NY070_Aspera_clean),(NY047_Aspera_aspera_clean,(NY067_Aspera_var_clean,(G05_Aspera_clean,((NY048_Aspera_clean,NY071_Aspera_clean),((NY057_Aspera_asperrima_clean,NY056_Aspera_clean),(A08_Aspera_clean,NY065_Aspera_var_clean)))))))))))))))))))))))))))))))))));
Final quartet score is: 562426706
Final normalized quartet score is: 0.6266796504127048
You may want to ignore posterior probabilities and other statistics related to the following branch branch because the effective number of genes impacting it is only 2:
	{G35_Ramboi_clean, 120_Rosanae_clean}
You may want to ignore posterior probabilities and other statistics related to the following branch branch because the effective number of genes impacting it is only 16:
	{G32_Barnebyana_clean, 076_Gracilis_clean, G27_Desmocelis_clean, G35_Ramboi_clean, NY027_Tuberosa_2_clean, G30_Dubia_clean, G14_Albescens_clean, 120_Rosanae_clean}
You may want to ignore posterior probabilities and other statistics related to the following branch branch because the effective number of genes impacting it is only 18:
	{G32_Barnebyana_clean, 076_Gracilis_clean, A22_Inopinata_2_clean, G27_Desmocelis_clean, G35_Ramboi_clean, NY027_Tuberosa_2_clean, G30_Dubia_clean, G14_Albescens_clean, 120_Rosanae_clean}
(A29_Angustifolia_clean,(061_Angustifolia_clean,((039_Verticillaris_clean,G08_Albescens_clean)0.92:0.19116162091892952,(065_Albescens_clean,(098_Verticillaris_clean,(((NY079_Albescens_clean,(114_Sp5_clean,(113_Sp5_clean,111_Sp5_clean)0.46:0.02722061894248658)0.96:0.20463352175864008)0.71:0.08781915926118697,((011_Papyrus_clean,G02_Johnwurdackiana_clean)0.5:0.040439485990369624,(066_Aegopogon_clean,(NY045_Aegopogon_clean,073_Aegopogon_clean)0.78:0.12770756897560795)0.96:0.2069178129749017)0.3:0.0)0.32:0.0,((131_Fraterna_clean,G17_Aegopogon_clean)0.34:0.0,(((A01_Aegopogon_clean,A37_Exasperata_clean)0.54:0.055347229072146835,(NY092_Aegopogon_clean,((NY093_Aegopogon_clean,(094_Albescens_cf_clean,(NY082_Verticillaris_clean,NY077_Angustifolia_clean)0.31:0.0)0.86:0.14116159589879018)0.43:0.027701912647505558,((NY080_Papyrifera_clean,(NY081_Papyrus_clean,G21_Papyrus_clean)0.89:0.15114056355328565)1:0.2931066259869209,((127_Johnwurdackiana_clean,G13_Johnwurdackiana_2_clean)0.82:0.13657852587539718,((085_Aegopogon_aff_clean,090_Aegopogon_aff_clean)0.85:0.138100150761297,((((NY091_Barbigera_hirsutula_clean,(NY088_Barbigera_clean,(NY090_Barbigera_clean,(095_Barbigera_clean,NY089_Barbigera_clean)0.71:0.10927659509144319)0.58:0.05810489071630924)0.54:0.056309571662285174)1:0.32060143974054967,((NY087_Barbigera_clean,(NY086_Barbigera_clean,(079_Sp8_clean,080_Sp8_clean)0.9:0.16004943955636963)0.68:0.09918022483820828)0.91:0.17653776996733758,(NY078_Angustifolia_clean,(NY018_Llanorum_2_clean,(NY017_Llanorum_2_clean,(NY051_Llanorum_clean,NY059_Llanorum_clean)0.95:0.19930969859924144)0.98:0.23537385448014186)0.84:0.13885054065202865)0.48:0.033918333486806576)0.34:0.002716524144449124)0.84:0.11866274277377764,((((NY085_Verticillaris_clean,100_Sp9_clean)0.34:0.0,(NY024_Edmundoi_clean,F41_Edmundoi_clean)0.56:0.06599409497785327)0.51:0.03778778962931576,((083_Sp3_2_clean,(088_Sp3_clean,092_Barbigera_aff_clean)0.74:0.12000401337578262)0.93:0.17940570205255002,((NY023_Edmundoi_clean,109_Sp9_clean)0.45:0.027984101698513626,(102_Sp7_clean,107_Sp7_clean)1:0.39481326558740054)0.44:0.058019649923025045)0.69:0.0820420823421659)0.99:0.2245648906058635,((A26_Rosanae_2_clean,(110_Sp6_clean,116_Sp6_clean)0.91:0.20955770829590295)0.25:0.0,((A18_Pogonanthera_2_clean,104_Sp6_clean)1:0.29035357497821535,((A34_Bruniana_clean,(A35_Bruniana_clean,126_Bruniana_clean)0.84:0.15117424905296253)0.76:0.12338968994102298,(052a_Melastomoides_clean,(G23_Melastomoides_clean,(A10_Melastomoides_clean,018_Barbigera_clean)0.95:0.21172819893791048)0.73:0.10429153726830497)0.33:0.0)0.5:0.04066841758066567)0.41:0.02972398778897348)0.88:0.1366543780728873)0.59:0.05524122337471464)0.33:0.0,((NY022_Mathaei_clean,(NY020_Karstenii_clean,NY021_Karstenii_clean)0.73:0.1040979318666593)0.56:0.05517996718335253,(NY054_Bipenicellata_clean,((NY042_Bipenicellata_clean,NY044_Bipenicellata_clean)0.6:0.06988965117415673,(((NY038_Bipenicellata_clean,(NY040_Bipenicellata_clean,NY055_Bipenicellata_clean)0.94:0.208042033559103)1:0.3779380264930233,((NY052_Striphnocalyx_clean,(NY016_Kunhardtii_clean,(NY011_Catharinae_2_clean,NY010_Catharinae_clean)1:1.4961291183222603)1:0.6028292482141471)1:0.8672858682131137,((NY003_Sipapoana_clean,NY002_Dissitiflora_clean)1:0.841971285832384,((NY009_Duidae_2_clean,NY007_Duidae_clean)1:1.081505479813689,(NY050_Fraterna_clean,NY053_Fraterna_clean)1:0.9674948971125158)1:1.175282139522367)0.75:0.10212657514497721)1:1.2711217674904223)0.25:0.04794777952054204,((A22_Inopinata_2_clean,(G27_Desmocelis_clean,(076_Gracilis_clean,((G35_Ramboi_clean,120_Rosanae_clean)0.86:0.6778797084291569,(NY027_Tuberosa_2_clean,(G32_Barnebyana_clean,(G30_Dubia_clean,G14_Albescens_clean)0.93:0.18005396155839917)1:0.442383648215625)1:0.3000023903753398)1:0.48321848609998896)1:0.3485628217793709)0.53:0.09335842634413863)0.92:0.34392954434546213,((A30_Aspera_clean,(NY030_Spruceana_clean,NY031_Spruceana_clean)0.99:0.2502324399590887)0.7:0.08695247515457762,((NY034_Spruceana_clean,NY033_Spruceana_clean)0.73:0.10585752234278055,(NY028_Spruceana_clean,(NY029_Spruceana_2_clean,(A15_Aspera_clean,(NY032_Spruceana_clean,((NY061_Aspera_odd1_clean,NY060_Aspera_odd1_clean)1:0.8612536355895498,(NY066_Aspera_var_clean,(((NY068_Aspera_clean,(NY046_Aspera_clean,A07_Aspera_clean)0.98:0.2202353860519631)0.91:0.16150110900186626,(NY062_Aspera_asperrima_clean,(NY072_Aspera_clean,NY074_Aspera_clean)0.76:0.16812583472842826)0.35:0.0787218757418246)0.94:0.1708752700707604,(A31_Aspera_clean,(NY069_Aspera_clean,((NY073_Aspera_clean,NY070_Aspera_clean)0.23:0.012524762603462625,(NY047_Aspera_aspera_clean,(NY067_Aspera_var_clean,(G05_Aspera_clean,((NY048_Aspera_clean,NY071_Aspera_clean)0.37:0.03957257795499698,((NY057_Aspera_asperrima_clean,NY056_Aspera_clean)0.51:0.12953650505695669,(A08_Aspera_clean,NY065_Aspera_var_clean)0.97:0.2053511629661214)0.86:0.13300883682029507)0.48:0.03554887945509935)0.59:0.05738873503364407)0.52:0.04681026460200929)0.49:0.038701818684730833)0.58:0.06852048877635623)0.75:0.11878799469064366)0.98:0.21568099392763557)0.95:0.21567809356812598)0.99:0.3344000381469451)1:0.7770218294842475)0.72:0.11790308122470837)0.71:0.2720834348072286)0.95:0.3309819686696763)0.67:0.0857694304381643)0.26:0.0)1:0.8468749906861246)1:0.495515800594562)1:0.5481833388637187)0.41:0.02079412476759043)1:0.2763287840113877)1:0.310617421660681)0.5:0.0408146387328981)0.44:0.02545208865933595)0.57:0.062221761909043986)0.52:0.04399150316998369)0.32:0.0)0.41:0.018945643282383476)0.5:0.037331595605458345,((G09_Verticillaris_clean,(NY094_Aegopogon_clean,(H40_Nigricans_clean,((069_Nigricans_clean,030_Nigricans_clean)0.48:0.050890952080702746,(071_Nigricans_clean,025_Nigricans_clean)0.59:0.05946371341603138)0.29:0.0)0.96:0.20443505221842076)0.6:0.08719502065157082)0.23:0.0,((003_Aegopogon_clean,014_Aegopogon_clean)0.9:0.15276360272439846,((42_Angustifolia_clean,(055_Aegopogon_clean,044_Aegopogon_clean)0.86:0.13416569211782794)0.29:0.0,050_Aegopogon_clean)0.44:0.030930423505550288)0.42:0.016141041122730054)0.33:0.0)0.32:0.0)0.39:0.01015881202241266)0.52:0.040823418009005734)0.76:0.10360152433476323)0.38:0.013962122116572119)0.14:0.0));
Weight calculation took 3.795262811 secs
ASTRAL finished in 179.131 secs
