Running RAxML on Trimal_50_reseq_gblocks3_concat

RAxML can't, parse the alignment file as phylip file 
it will now try to parse it as FASTA file


This is the RAxML Master Pthread

This is RAxML Worker Pthread Number: 2

This is RAxML Worker Pthread Number: 3

This is RAxML Worker Pthread Number: 1

This is RAxML Worker Pthread Number: 4

This is RAxML Worker Pthread Number: 5

This is RAxML Worker Pthread Number: 6

This is RAxML Worker Pthread Number: 7

This is RAxML Worker Pthread Number: 8

This is RAxML Worker Pthread Number: 9

This is RAxML Worker Pthread Number: 12

This is RAxML Worker Pthread Number: 11

This is RAxML Worker Pthread Number: 13

This is RAxML Worker Pthread Number: 14

This is RAxML Worker Pthread Number: 10

This is RAxML Worker Pthread Number: 15


This is RAxML version 8.2.10 released by Alexandros Stamatakis on March 2017.

With greatly appreciated code contributions by:
Andre Aberer      (HITS)
Simon Berger      (HITS)
Alexey Kozlov     (HITS)
Kassian Kobert    (HITS)
David Dao         (KIT and HITS)
Sarah Lutteropp   (KIT and HITS)
Nick Pattengale   (Sandia)
Wayne Pfeiffer    (SDSC)
Akifumi S. Tanabe (NRIFS)
Charlie Taylor    (UF)


Alignment has 31390 distinct alignment patterns

Proportion of gaps and completely undetermined characters in this alignment: 20.15%

RAxML rapid bootstrapping and subsequent ML search

Using 70 distinct models/data partitions with joint branch length optimization



Executing 1000 rapid bootstrap inferences and thereafter a thorough ML search 

All free model parameters will be estimated by RAxML
ML estimate of 25 per site rate categories

Likelihood of final tree will be evaluated and optimized under GAMMA

GAMMA Model parameters will be estimated up to an accuracy of 0.1000000000 Log Likelihood units

Partition: 0
Alignment Patterns: 129
Name: Trimal50_4471_IDAU_supercontig.phy
DataType: DNA
Substitution Matrix: GTR



Partition: 1
Alignment Patterns: 55
Name: Trimal50_4691_IDAU_supercontig.phy
DataType: DNA
Substitution Matrix: GTR



Partition: 2
Alignment Patterns: 107
Name: Trimal50_4806_DZLN_supercontig.phy
DataType: DNA
Substitution Matrix: GTR



Partition: 3
Alignment Patterns: 110
Name: Trimal50_5090_BZDF_supercontig.phy
DataType: DNA
Substitution Matrix: GTR



Partition: 4
Alignment Patterns: 36
Name: Trimal50_5138_WMUK_supercontig.phy
DataType: DNA
Substitution Matrix: GTR



Partition: 5
Alignment Patterns: 75
Name: Trimal50_5260_ARYD_supercontig.phy
DataType: DNA
Substitution Matrix: GTR



Partition: 6
Alignment Patterns: 226
Name: Trimal50_5264_Tibouchina_supercontig.phy
DataType: DNA
Substitution Matrix: GTR



Partition: 7
Alignment Patterns: 1391
Name: Trimal50_5406_Tibouchina_supercontig.phy
DataType: DNA
Substitution Matrix: GTR



Partition: 8
Alignment Patterns: 740
Name: Trimal50_5477_Tibouchina_supercontig.phy
DataType: DNA
Substitution Matrix: GTR



Partition: 9
Alignment Patterns: 44
Name: Trimal50_5594_BXBF_supercontig.phy
DataType: DNA
Substitution Matrix: GTR



Partition: 10
Alignment Patterns: 314
Name: Trimal50_5639_Tibouchina_supercontig.phy
DataType: DNA
Substitution Matrix: GTR



Partition: 11
Alignment Patterns: 205
Name: Trimal50_5644_Tibouchina_supercontig.phy
DataType: DNA
Substitution Matrix: GTR



Partition: 12
Alignment Patterns: 358
Name: Trimal50_5716_Tibouchina_supercontig.phy
DataType: DNA
Substitution Matrix: GTR



Partition: 13
Alignment Patterns: 69
Name: Trimal50_5772_BZDF_supercontig.phy
DataType: DNA
Substitution Matrix: GTR



Partition: 14
Alignment Patterns: 61
Name: Trimal50_5842_IMZV_supercontig.phy
DataType: DNA
Substitution Matrix: GTR



Partition: 15
Alignment Patterns: 152
Name: Trimal50_5865_IMZV_supercontig.phy
DataType: DNA
Substitution Matrix: GTR



Partition: 16
Alignment Patterns: 74
Name: Trimal50_5910_ZINQ_supercontig.phy
DataType: DNA
Substitution Matrix: GTR



Partition: 17
Alignment Patterns: 123
Name: Trimal50_5926_Tibouchina_appended_supercontig.phy
DataType: DNA
Substitution Matrix: GTR



Partition: 18
Alignment Patterns: 344
Name: Trimal50_5942_Tibouchina_supercontig.phy
DataType: DNA
Substitution Matrix: GTR



Partition: 19
Alignment Patterns: 60
Name: Trimal50_5990_AXNH_supercontig.phy
DataType: DNA
Substitution Matrix: GTR



Partition: 20
Alignment Patterns: 209
Name: Trimal50_6119_Tibouchina_supercontig.phy
DataType: DNA
Substitution Matrix: GTR



Partition: 21
Alignment Patterns: 138
Name: Trimal50_6130_HYZL_supercontig.phy
DataType: DNA
Substitution Matrix: GTR



Partition: 22
Alignment Patterns: 147
Name: Trimal50_6164_IMZV_supercontig.phy
DataType: DNA
Substitution Matrix: GTR



Partition: 23
Alignment Patterns: 122
Name: Trimal50_6221_UPZX_supercontig.phy
DataType: DNA
Substitution Matrix: GTR



Partition: 24
Alignment Patterns: 31
Name: Trimal50_6226_HKMQ_supercontig.phy
DataType: DNA
Substitution Matrix: GTR



Partition: 25
Alignment Patterns: 881
Name: Trimal50_6227_Tibouchina_supercontig.phy
DataType: DNA
Substitution Matrix: GTR



Partition: 26
Alignment Patterns: 100
Name: Trimal50_6378_BZDF_supercontig.phy
DataType: DNA
Substitution Matrix: GTR



Partition: 27
Alignment Patterns: 52
Name: Trimal50_6387_HKMQ_supercontig.phy
DataType: DNA
Substitution Matrix: GTR



Partition: 28
Alignment Patterns: 94
Name: Trimal50_6459_Torricelli_supercontig.phy
DataType: DNA
Substitution Matrix: GTR



Partition: 29
Alignment Patterns: 51
Name: Trimal50_6488_KBRW_supercontig.phy
DataType: DNA
Substitution Matrix: GTR



Partition: 30
Alignment Patterns: 68
Name: Trimal50_6506_UPZX_supercontig.phy
DataType: DNA
Substitution Matrix: GTR



Partition: 31
Alignment Patterns: 304
Name: Trimal50_6527_Tibouchina_supercontig.phy
DataType: DNA
Substitution Matrix: GTR



Partition: 32
Alignment Patterns: 206
Name: Trimal50_6544_Tibouchina_supercontig.phy
DataType: DNA
Substitution Matrix: GTR



Partition: 33
Alignment Patterns: 247
Name: Trimal50_6550_Tibouchina_supercontig.phy
DataType: DNA
Substitution Matrix: GTR



Partition: 34
Alignment Patterns: 82
Name: Trimal50_6679_IMZV_supercontig.phy
DataType: DNA
Substitution Matrix: GTR



Partition: 35
Alignment Patterns: 47
Name: Trimal50_6780_AXNH_supercontig.phy
DataType: DNA
Substitution Matrix: GTR



Partition: 36
Alignment Patterns: 212
Name: Trimal50_6854_Tibouchina_supercontig.phy
DataType: DNA
Substitution Matrix: GTR



Partition: 37
Alignment Patterns: 30
Name: Trimal50_6947_ARYD_supercontig.phy
DataType: DNA
Substitution Matrix: GTR



Partition: 38
Alignment Patterns: 123
Name: Trimal50_6954_IDAU_supercontig.phy
DataType: DNA
Substitution Matrix: GTR



Partition: 39
Alignment Patterns: 99
Name: Trimal50_6977_DZLN_supercontig.phy
DataType: DNA
Substitution Matrix: GTR



Partition: 40
Alignment Patterns: 127
Name: Trimal50_7029_Torricelli_supercontig.phy
DataType: DNA
Substitution Matrix: GTR



Partition: 41
Alignment Patterns: 892
Name: Trimal50_7136_Tibouchina_supercontig.phy
DataType: DNA
Substitution Matrix: GTR



Partition: 42
Alignment Patterns: 71
Name: Trimal50_7602_VMNH_supercontig.phy
DataType: DNA
Substitution Matrix: GTR



Partition: 43
Alignment Patterns: 373
Name: Trimal50_AT1G17160_Tibouchina_supercontig.phy
DataType: DNA
Substitution Matrix: GTR



Partition: 44
Alignment Patterns: 2480
Name: Trimal50_AT3G02760_Tibouchina_supercontig.phy
DataType: DNA
Substitution Matrix: GTR



Partition: 45
Alignment Patterns: 1019
Name: Trimal50_AT3G24190_Tibouchina_supercontig.phy
DataType: DNA
Substitution Matrix: GTR



Partition: 46
Alignment Patterns: 863
Name: Trimal50_AT3G26782_Tibouchina_supercontig.phy
DataType: DNA
Substitution Matrix: GTR



Partition: 47
Alignment Patterns: 487
Name: Trimal50_AT3G56460_Tibouchina_supercontig.phy
DataType: DNA
Substitution Matrix: GTR



Partition: 48
Alignment Patterns: 334
Name: Trimal50_AT3G56940_Tibouchina_supercontig.phy
DataType: DNA
Substitution Matrix: GTR



Partition: 49
Alignment Patterns: 1152
Name: Trimal50_AT4G38890_Brachyotum_supercontig.phy
DataType: DNA
Substitution Matrix: GTR



Partition: 50
Alignment Patterns: 578
Name: Trimal50_AT4G39520_Tibouchina_supercontig.phy
DataType: DNA
Substitution Matrix: GTR



Partition: 51
Alignment Patterns: 1106
Name: Trimal50_AT5G06830_Tibouchina_supercontig.phy
DataType: DNA
Substitution Matrix: GTR



Partition: 52
Alignment Patterns: 1752
Name: Trimal50_AT5G13630_Tibouchina_supercontig.phy
DataType: DNA
Substitution Matrix: GTR



Partition: 53
Alignment Patterns: 1169
Name: Trimal50_AT5G40440_Tibouchina_supercontig.phy
DataType: DNA
Substitution Matrix: GTR



Partition: 54
Alignment Patterns: 413
Name: Trimal50_AT5G60590_Tibouchina_supercontig.phy
DataType: DNA
Substitution Matrix: GTR



Partition: 55
Alignment Patterns: 1252
Name: Trimal50_AT5G64370_Tibouchina_supercontig.phy
DataType: DNA
Substitution Matrix: GTR



Partition: 56
Alignment Patterns: 1088
Name: Trimal50_AT5G67530_Tibouchina_supercontig.phy
DataType: DNA
Substitution Matrix: GTR



Partition: 57
Alignment Patterns: 1408
Name: Trimal50_TC02G003400_Tibouchina_supercontig.phy
DataType: DNA
Substitution Matrix: GTR



Partition: 58
Alignment Patterns: 268
Name: Trimal50_TC02G006310_Tibouchina_supercontig.phy
DataType: DNA
Substitution Matrix: GTR



Partition: 59
Alignment Patterns: 662
Name: Trimal50_TC02G023190_Tibouchina_supercontig.phy
DataType: DNA
Substitution Matrix: GTR



Partition: 60
Alignment Patterns: 802
Name: Trimal50_TC03G025580_Tibouchina_supercontig.phy
DataType: DNA
Substitution Matrix: GTR



Partition: 61
Alignment Patterns: 877
Name: Trimal50_TC04G006100_Tibouchina_supercontig.phy
DataType: DNA
Substitution Matrix: GTR



Partition: 62
Alignment Patterns: 312
Name: Trimal50_TC04G030490_Tibouchina_supercontig.phy
DataType: DNA
Substitution Matrix: GTR



Partition: 63
Alignment Patterns: 1321
Name: Trimal50_TC05G008010_Tibouchina_supercontig.phy
DataType: DNA
Substitution Matrix: GTR



Partition: 64
Alignment Patterns: 699
Name: Trimal50_TC05G027690_Tibouchina_supercontig.phy
DataType: DNA
Substitution Matrix: GTR



Partition: 65
Alignment Patterns: 956
Name: Trimal50_TC05G029300_Tibouchina_supercontig.phy
DataType: DNA
Substitution Matrix: GTR



Partition: 66
Alignment Patterns: 283
Name: Trimal50_TC06G011670_Tibouchina_supercontig.phy
DataType: DNA
Substitution Matrix: GTR



Partition: 67
Alignment Patterns: 134
Name: Trimal50_TC07G000500_Tibouchina_supercontig.phy
DataType: DNA
Substitution Matrix: GTR



Partition: 68
Alignment Patterns: 235
Name: Trimal50_TC07G011130_Tibouchina_supercontig.phy
DataType: DNA
Substitution Matrix: GTR



Partition: 69
Alignment Patterns: 361
Name: Trimal50_TC09G025650_Tibouchina_supercontig.phy
DataType: DNA
Substitution Matrix: GTR




RAxML was called as follows:

raxmlHPC-PTHREADS-SSE3 -f a -m GTRCAT -s /ufrc/soltis/jjantzen/Dissertation/Analysis/Sequencing/Alignment/reseq_alignments/SC_loci/Trimal_50/GB_fastas/noninterleaved/done/fasta_nospace/phylip/concat/Trimal_50_reseq_gblocks3_concat.phy -n Trimal_50_reseq_gblocks3_concat -x 32139 -p 15564 -N 1000 -T 16 -q /ufrc/soltis/jjantzen/Dissertation/Analysis/Sequencing/Alignment/reseq_alignments/SC_loci/Trimal_50/GB_fastas/noninterleaved/done/fasta_nospace/phylip/concat/Trimal_50_reseq_gblocks3_partition_file.txt 



Time for BS model parameter optimization 69.994450
Bootstrap[0]: Time 316.007087 seconds, bootstrap likelihood -575771.076610, best rearrangement setting 10
