
================== ASTRAL ===================== 

This is ASTRAL version 5.6.2
Gene trees are treated as unrooted
118 trees read from Trimal_50_gblocks2/Trimal_50_gblocks2_comb_gene_trees.tre
All output trees will be *arbitrarily* rooted at 100_Sp9_clean

======== Running the main analysis
Number of taxa: 140 (140 species)
Taxa: [100_Sp9_clean, H40_Nigricans_clean, 061_Angustifolia_clean, 094_Albescens_cf_clean, 098_Verticillaris_clean, 109_Sp9_clean, G08_Albescens_clean, NY079_Albescens_clean, NY022_Mathaei_clean, 095_Barbigera_clean, NY018_Llanorum_2_clean, NY017_Llanorum_2_clean, 110_Sp6_clean, G23_Melastomoides_clean, 102_Sp7_clean, NY007_Duidae_clean, NY009_Duidae_2_clean, NY053_Fraterna_clean, NY050_Fraterna_clean, NY020_Karstenii_clean, G13_Johnwurdackiana_2_clean, NY080_Papyrifera_clean, 131_Fraterna_clean, 003_Aegopogon_clean, NY091_Barbigera_hirsutula_clean, NY093_Aegopogon_clean, 126_Bruniana_clean, A34_Bruniana_clean, NY044_Bipenicellata_clean, NY042_Bipenicellata_clean, NY054_Bipenicellata_clean, A01_Aegopogon_clean, 085_Aegopogon_aff_clean, NY051_Llanorum_clean, 052a_Melastomoides_clean, 104_Sp6_clean, A35_Bruniana_clean, NY059_Llanorum_clean, NY090_Barbigera_clean, A26_Rosanae_2_clean, 039_Verticillaris_clean, G21_Papyrus_clean, 127_Johnwurdackiana_clean, A37_Exasperata_clean, NY078_Angustifolia_clean, 065_Albescens_clean, 42_Angustifolia_clean, 080_Sp8_clean, G09_Verticillaris_clean, NY077_Angustifolia_clean, NY094_Aegopogon_clean, NY087_Barbigera_clean, NY089_Barbigera_clean, NY085_Verticillaris_clean, NY088_Barbigera_clean, NY021_Karstenii_clean, 025_Nigricans_clean, F41_Edmundoi_clean, NY082_Verticillaris_clean, 079_Sp8_clean, NY023_Edmundoi_clean, NY024_Edmundoi_clean, 018_Barbigera_clean, 055_Aegopogon_clean, 113_Sp5_clean, 116_Sp6_clean, 011_Papyrus_clean, A10_Melastomoides_clean, 030_Nigricans_clean, NY081_Papyrus_clean, 071_Nigricans_clean, 069_Nigricans_clean, NY086_Barbigera_clean, 088_Sp3_clean, 083_Sp3_2_clean, 092_Barbigera_aff_clean, G32_Barnebyana_clean, 076_Gracilis_clean, G35_Ramboi_clean, NY027_Tuberosa_2_clean, G14_Albescens_clean, G30_Dubia_clean, G27_Desmocelis_clean, A22_Inopinata_2_clean, NY028_Spruceana_clean, NY031_Spruceana_clean, NY062_Aspera_asperrima_clean, NY032_Spruceana_clean, NY033_Spruceana_clean, A30_Aspera_clean, NY034_Spruceana_clean, NY068_Aspera_clean, NY066_Aspera_var_clean, NY070_Aspera_clean, NY072_Aspera_clean, A07_Aspera_clean, NY065_Aspera_var_clean, NY069_Aspera_clean, NY046_Aspera_clean, NY074_Aspera_clean, NY060_Aspera_odd1_clean, NY061_Aspera_odd1_clean, NY048_Aspera_clean, NY057_Aspera_asperrima_clean, A31_Aspera_clean, NY071_Aspera_clean, NY067_Aspera_var_clean, NY073_Aspera_clean, NY056_Aspera_clean, NY047_Aspera_aspera_clean, A08_Aspera_clean, G05_Aspera_clean, A15_Aspera_clean, NY030_Spruceana_clean, NY038_Bipenicellata_clean, NY055_Bipenicellata_clean, NY040_Bipenicellata_clean, NY003_Sipapoana_clean, NY002_Dissitiflora_clean, NY052_Striphnocalyx_clean, NY016_Kunhardtii_clean, NY010_Catharinae_clean, NY011_Catharinae_2_clean, 066_Aegopogon_clean, NY045_Aegopogon_clean, NY092_Aegopogon_clean, 044_Aegopogon_clean, 014_Aegopogon_clean, G02_Johnwurdackiana_clean, 073_Aegopogon_clean, 111_Sp5_clean, 090_Aegopogon_aff_clean, 050_Aegopogon_clean, 114_Sp5_clean, A29_Angustifolia_clean, G17_Aegopogon_clean, A18_Pogonanthera_2_clean, 107_Sp7_clean, NY029_Spruceana_2_clean, 120_Rosanae_clean]
Taxon occupancy: {NY016_Kunhardtii_clean=78, 104_Sp6_clean=76, NY023_Edmundoi_clean=72, NY002_Dissitiflora_clean=74, 061_Angustifolia_clean=82, NY073_Aspera_clean=84, A15_Aspera_clean=62, NY086_Barbigera_clean=78, NY089_Barbigera_clean=78, 065_Albescens_clean=78, 044_Aegopogon_clean=84, NY018_Llanorum_2_clean=66, 083_Sp3_2_clean=68, NY093_Aegopogon_clean=82, NY055_Bipenicellata_clean=84, NY052_Striphnocalyx_clean=84, NY061_Aspera_odd1_clean=80, NY057_Aspera_asperrima_clean=84, G14_Albescens_clean=82, NY046_Aspera_clean=86, G09_Verticillaris_clean=80, A29_Angustifolia_clean=86, 107_Sp7_clean=78, NY051_Llanorum_clean=76, A37_Exasperata_clean=74, NY050_Fraterna_clean=88, 025_Nigricans_clean=86, NY070_Aspera_clean=80, NY045_Aegopogon_clean=72, NY020_Karstenii_clean=76, 011_Papyrus_clean=78, G30_Dubia_clean=76, A26_Rosanae_2_clean=70, A22_Inopinata_2_clean=40, 055_Aegopogon_clean=82, A10_Melastomoides_clean=88, NY094_Aegopogon_clean=78, F41_Edmundoi_clean=94, 039_Verticillaris_clean=78, 110_Sp6_clean=76, NY079_Albescens_clean=82, NY067_Aspera_var_clean=86, 095_Barbigera_clean=76, NY072_Aspera_clean=78, 066_Aegopogon_clean=82, G08_Albescens_clean=76, NY074_Aspera_clean=76, 076_Gracilis_clean=70, NY077_Angustifolia_clean=74, A18_Pogonanthera_2_clean=78, 116_Sp6_clean=78, NY078_Angustifolia_clean=74, 090_Aegopogon_aff_clean=74, A07_Aspera_clean=82, NY022_Mathaei_clean=72, 080_Sp8_clean=80, NY028_Spruceana_clean=72, A30_Aspera_clean=90, G17_Aegopogon_clean=78, 052a_Melastomoides_clean=78, G02_Johnwurdackiana_clean=76, NY007_Duidae_clean=76, 113_Sp5_clean=78, NY031_Spruceana_clean=88, NY034_Spruceana_clean=68, NY003_Sipapoana_clean=70, NY081_Papyrus_clean=82, NY068_Aspera_clean=82, 071_Nigricans_clean=80, 003_Aegopogon_clean=76, NY040_Bipenicellata_clean=72, 131_Fraterna_clean=88, NY033_Spruceana_clean=78, NY059_Llanorum_clean=80, G32_Barnebyana_clean=72, NY017_Llanorum_2_clean=74, NY021_Karstenii_clean=74, G05_Aspera_clean=84, NY082_Verticillaris_clean=74, NY047_Aspera_aspera_clean=80, 018_Barbigera_clean=80, 120_Rosanae_clean=6, NY056_Aspera_clean=86, G27_Desmocelis_clean=74, NY029_Spruceana_2_clean=34, NY027_Tuberosa_2_clean=66, A34_Bruniana_clean=70, NY066_Aspera_var_clean=60, 069_Nigricans_clean=78, 127_Johnwurdackiana_clean=76, H40_Nigricans_clean=82, 073_Aegopogon_clean=84, NY071_Aspera_clean=76, G23_Melastomoides_clean=86, NY038_Bipenicellata_clean=62, 014_Aegopogon_clean=86, A35_Bruniana_clean=80, NY090_Barbigera_clean=80, NY092_Aegopogon_clean=74, 098_Verticillaris_clean=84, NY042_Bipenicellata_clean=82, NY030_Spruceana_clean=82, NY048_Aspera_clean=80, NY087_Barbigera_clean=70, A01_Aegopogon_clean=70, 094_Albescens_cf_clean=74, NY088_Barbigera_clean=82, 079_Sp8_clean=72, NY080_Papyrifera_clean=76, 050_Aegopogon_clean=80, NY053_Fraterna_clean=82, NY054_Bipenicellata_clean=80, 111_Sp5_clean=76, NY091_Barbigera_hirsutula_clean=72, G35_Ramboi_clean=88, NY085_Verticillaris_clean=80, 085_Aegopogon_aff_clean=72, NY010_Catharinae_clean=80, 088_Sp3_clean=74, NY032_Spruceana_clean=66, G13_Johnwurdackiana_2_clean=66, 114_Sp5_clean=78, NY060_Aspera_odd1_clean=80, NY062_Aspera_asperrima_clean=62, 102_Sp7_clean=82, NY044_Bipenicellata_clean=62, NY024_Edmundoi_clean=70, 100_Sp9_clean=76, 109_Sp9_clean=74, 030_Nigricans_clean=78, 42_Angustifolia_clean=86, NY011_Catharinae_2_clean=82, A31_Aspera_clean=84, NY065_Aspera_var_clean=82, NY069_Aspera_clean=64, G21_Papyrus_clean=76, 092_Barbigera_aff_clean=84, A08_Aspera_clean=86, 126_Bruniana_clean=80, NY009_Duidae_2_clean=76}
Number of gene trees: 118
114 trees have missing taxa
Calculating quartet distance matrix (for completion of X)
Species tree distances calculated ...
Will attempt to complete bipartitions from X before adding using a distance matrix.
Building set of clusters (X) from gene trees 
------------------------------
gradient0: 9849
Number of Clusters after addition by distance: 9849
calculating extra bipartitions to be added at level 1 ...
Adding to X using resolutions of greedy consensus ...
Limit for sigma of degrees:3550
polytomy size limit : 66
discarded polytomies:  [3, 3, 3, 3, 3, 3, 3, 3, 3, 3, 3, 4, 4, 4, 4, 4, 5, 5, 7, 9, 9, 14, 18, 36, 66]
Threshold 0.0:
polytomy of size 5; rounds with additions with at least 5 support: 1; clusters: 9897
polytomy of size 3; rounds with additions with at least 5 support: 1; clusters: 9903
Threshold 0.01:
polytomy of size 5; rounds with additions with at least 5 support: 0; clusters: 9903
polytomy of size 3; rounds with additions with at least 5 support: 0; clusters: 9903
Threshold 0.02:
polytomy of size 9; rounds with additions with at least 5 support: 5; clusters: 10347
Threshold 0.05:
polytomy of size 3; rounds with additions with at least 5 support: 0; clusters: 10347
polytomy of size 9; rounds with additions with at least 5 support: 1; clusters: 10353
Threshold 0.1:
polytomy of size 4; rounds with additions with at least 5 support: 2; clusters: 10359
polytomy of size 14; rounds with additions with at least 5 support: 4; clusters: 10553
Threshold 0.2:
polytomy of size 3; rounds with additions with at least 5 support: 0; clusters: 10553
polytomy of size 3; rounds with additions with at least 5 support: 0; clusters: 10553
polytomy of size 4; rounds with additions with at least 5 support: 0; clusters: 10553
polytomy of size 4; rounds with additions with at least 5 support: 0; clusters: 10553
polytomy of size 3; rounds with additions with at least 5 support: 0; clusters: 10555
polytomy of size 4; rounds with additions with at least 5 support: 0; clusters: 10555
polytomy of size 3; rounds with additions with at least 5 support: 0; clusters: 10555
polytomy of size 36; rounds with additions with at least 5 support: 1; clusters: 10897
polytomy of size 3; rounds with additions with at least 5 support: 0; clusters: 10897
Threshold 0.3333333333333333:
polytomy of size 3; rounds with additions with at least 5 support: 0; clusters: 10897
polytomy of size 3; rounds with additions with at least 5 support: 0; clusters: 10897
polytomy of size 4; rounds with additions with at least 5 support: 0; clusters: 10897
polytomy of size 18; rounds with additions with at least 5 support: 0; clusters: 10909
polytomy of size 7; rounds with additions with at least 5 support: 0; clusters: 10913
polytomy of size 3; rounds with additions with at least 5 support: 0; clusters: 10913
polytomy of size 66; rounds with additions with at least 5 support: 0; clusters: 11067
max k is :10
Number of Clusters after addition by greedy: 11067
gradient0 in heuristiic: 11067
partitions formed in 153.227 secs
Dynamic Programming starting after 153.63 secs
Using tree-based weight calculation.
Using polytree-based weight calculation.
Polytree max score: 916694702
Polytree building time: 1.781 seconds.
Number of quartet trees in the gene trees: 916694702
Size of largest cluster: 140
Greedy score: 562851150
estimationFactor: 1.6286627503559334
Sub-optimal score: 562929236
Total Number of elements weighted: 18588
Normalized score (portion of input quartet trees satisfied before correcting for multiple individuals): 0.6222127571541262
Optimization score: 570379138
Optimal tree inferred in 179.512 secs.
(A29_Angustifolia_clean,((NY094_Aegopogon_clean,069_Nigricans_clean),(G02_Johnwurdackiana_clean,((H40_Nigricans_clean,094_Albescens_cf_clean),(((044_Aegopogon_clean,050_Aegopogon_clean),((NY079_Albescens_clean,114_Sp5_clean),(113_Sp5_clean,111_Sp5_clean))),(((G08_Albescens_clean,039_Verticillaris_clean),(061_Angustifolia_clean,098_Verticillaris_clean)),((G09_Verticillaris_clean,(030_Nigricans_clean,(025_Nigricans_clean,071_Nigricans_clean))),((011_Papyrus_clean,(065_Albescens_clean,(131_Fraterna_clean,A37_Exasperata_clean))),((((003_Aegopogon_clean,014_Aegopogon_clean),(42_Angustifolia_clean,G17_Aegopogon_clean)),(055_Aegopogon_clean,(066_Aegopogon_clean,(NY045_Aegopogon_clean,073_Aegopogon_clean)))),((NY092_Aegopogon_clean,(NY081_Papyrus_clean,(NY080_Papyrifera_clean,G21_Papyrus_clean))),((127_Johnwurdackiana_clean,(NY093_Aegopogon_clean,(NY077_Angustifolia_clean,NY082_Verticillaris_clean))),((G13_Johnwurdackiana_2_clean,A01_Aegopogon_clean),(090_Aegopogon_aff_clean,(((085_Aegopogon_aff_clean,((NY091_Barbigera_hirsutula_clean,(NY090_Barbigera_clean,(NY088_Barbigera_clean,(095_Barbigera_clean,NY089_Barbigera_clean)))),((NY087_Barbigera_clean,(NY086_Barbigera_clean,(080_Sp8_clean,079_Sp8_clean))),(NY078_Angustifolia_clean,(NY018_Llanorum_2_clean,(NY051_Llanorum_clean,(NY017_Llanorum_2_clean,NY059_Llanorum_clean))))))),(((F41_Edmundoi_clean,NY024_Edmundoi_clean),((083_Sp3_2_clean,(088_Sp3_clean,092_Barbigera_aff_clean)),((100_Sp9_clean,109_Sp9_clean),((102_Sp7_clean,107_Sp7_clean),(NY085_Verticillaris_clean,NY023_Edmundoi_clean))))),((A26_Rosanae_2_clean,A18_Pogonanthera_2_clean),((110_Sp6_clean,116_Sp6_clean),((G23_Melastomoides_clean,(018_Barbigera_clean,A10_Melastomoides_clean)),((052a_Melastomoides_clean,104_Sp6_clean),(A34_Bruniana_clean,(126_Bruniana_clean,A35_Bruniana_clean)))))))),((NY021_Karstenii_clean,(NY022_Mathaei_clean,NY020_Karstenii_clean)),((NY042_Bipenicellata_clean,NY054_Bipenicellata_clean),(NY044_Bipenicellata_clean,(((NY038_Bipenicellata_clean,(NY055_Bipenicellata_clean,NY040_Bipenicellata_clean)),((NY052_Striphnocalyx_clean,(NY016_Kunhardtii_clean,(NY010_Catharinae_clean,NY011_Catharinae_2_clean))),((NY003_Sipapoana_clean,NY002_Dissitiflora_clean),((NY007_Duidae_clean,NY009_Duidae_2_clean),(NY053_Fraterna_clean,NY050_Fraterna_clean))))),((A22_Inopinata_2_clean,(G27_Desmocelis_clean,(076_Gracilis_clean,((G35_Ramboi_clean,120_Rosanae_clean),(NY027_Tuberosa_2_clean,(G32_Barnebyana_clean,(G14_Albescens_clean,G30_Dubia_clean))))))),((A30_Aspera_clean,(NY031_Spruceana_clean,NY030_Spruceana_clean)),(NY028_Spruceana_clean,(NY029_Spruceana_2_clean,((NY033_Spruceana_clean,NY034_Spruceana_clean),(A15_Aspera_clean,(NY032_Spruceana_clean,((NY060_Aspera_odd1_clean,NY061_Aspera_odd1_clean),(NY066_Aspera_var_clean,(((NY072_Aspera_clean,(NY062_Aspera_asperrima_clean,NY074_Aspera_clean)),(NY068_Aspera_clean,(A07_Aspera_clean,NY046_Aspera_clean))),(A31_Aspera_clean,(NY047_Aspera_aspera_clean,(((A08_Aspera_clean,G05_Aspera_clean),(NY067_Aspera_var_clean,(NY057_Aspera_asperrima_clean,NY056_Aspera_clean))),(NY069_Aspera_clean,(NY071_Aspera_clean,(NY070_Aspera_clean,(NY065_Aspera_var_clean,(NY048_Aspera_clean,NY073_Aspera_clean))))))))))))))))))))))))))))))))))));
Final quartet score is: 570379138
Final normalized quartet score is: 0.6222127571541262
You may want to ignore posterior probabilities and other statistics related to the following branch branch because the effective number of genes impacting it is only 6:
	{G35_Ramboi_clean, 120_Rosanae_clean}
(100_Sp9_clean,(109_Sp9_clean,(((102_Sp7_clean,107_Sp7_clean)1:0.36880893547564,(NY085_Verticillaris_clean,NY023_Edmundoi_clean)0.99:0.26047280668350403)0.32:0.012741632557282489,((083_Sp3_2_clean,(088_Sp3_clean,092_Barbigera_aff_clean)0.67:0.09704314766205824)0.97:0.22071099711191908,((F41_Edmundoi_clean,NY024_Edmundoi_clean)0.77:0.11480747556720029,(((A26_Rosanae_2_clean,A18_Pogonanthera_2_clean)0.27:0.0010469745371400403,((110_Sp6_clean,116_Sp6_clean)0.99:0.25830823570721967,((G23_Melastomoides_clean,(018_Barbigera_clean,A10_Melastomoides_clean)0.96:0.20679600333279421)0.72:0.08831989770260558,((052a_Melastomoides_clean,104_Sp6_clean)0.53:0.050834741094043,(A34_Bruniana_clean,(126_Bruniana_clean,A35_Bruniana_clean)0.99:0.2654381807142777)0.77:0.13304843404258113)0.28:0.0)0.68:0.08171589421579734)0.45:0.027275140569684123)0.54:0.049029479573728316,((085_Aegopogon_aff_clean,((NY091_Barbigera_hirsutula_clean,(NY090_Barbigera_clean,(NY088_Barbigera_clean,(095_Barbigera_clean,NY089_Barbigera_clean)0.8:0.11862057781292223)0.36:0.004455320636607447)0.42:0.019369365317541323)0.99:0.27814376521879963,((NY087_Barbigera_clean,(NY086_Barbigera_clean,(080_Sp8_clean,079_Sp8_clean)1:0.380866419247407)0.69:0.09993131066422996)0.65:0.08237174934731291,(NY078_Angustifolia_clean,(NY018_Llanorum_2_clean,(NY051_Llanorum_clean,(NY017_Llanorum_2_clean,NY059_Llanorum_clean)0.67:0.14677241078509823)1:0.4115933375686562)0.81:0.12812635411476866)0.32:0.0)0.19:0.0)0.59:0.06667829381252134)0.41:0.02283060089142289,(((NY021_Karstenii_clean,(NY022_Mathaei_clean,NY020_Karstenii_clean)0.88:0.18630960953647321)0.37:0.005505497893493597,((NY042_Bipenicellata_clean,NY054_Bipenicellata_clean)0.78:0.10724353640393675,(NY044_Bipenicellata_clean,(((NY038_Bipenicellata_clean,(NY055_Bipenicellata_clean,NY040_Bipenicellata_clean)0.95:0.21202144173801007)1:0.3504041626895498,((NY052_Striphnocalyx_clean,(NY016_Kunhardtii_clean,(NY010_Catharinae_clean,NY011_Catharinae_2_clean)1:1.683807490160038)1:0.49702210933628116)1:1.1233366354689565,((NY003_Sipapoana_clean,NY002_Dissitiflora_clean)1:0.9263411010048318,((NY007_Duidae_clean,NY009_Duidae_2_clean)1:0.7401500539965514,(NY053_Fraterna_clean,NY050_Fraterna_clean)1:1.3106319904041879)1:1.3280023343885563)0.55:0.05588787433270973)1:1.3211127461449506)0.31:0.05733743970969942,((A22_Inopinata_2_clean,(G27_Desmocelis_clean,(076_Gracilis_clean,((G35_Ramboi_clean,120_Rosanae_clean)0.81:0.41223727010854805,(NY027_Tuberosa_2_clean,(G32_Barnebyana_clean,(G14_Albescens_clean,G30_Dubia_clean)0.92:0.1788973449778772)1:0.37372959394510413)1:0.3599150303306929)1:0.5471363950202337)1:0.36670797714767106)1:0.5544974271858427)1:0.462094555822673,((A30_Aspera_clean,(NY031_Spruceana_clean,NY030_Spruceana_clean)0.6:0.169578291636498)0.8:0.10898755431517111,(NY028_Spruceana_clean,(NY029_Spruceana_2_clean,((NY033_Spruceana_clean,NY034_Spruceana_clean)0.97:0.2153917044279419,(A15_Aspera_clean,(NY032_Spruceana_clean,((NY060_Aspera_odd1_clean,NY061_Aspera_odd1_clean)1:0.665145451518811,(NY066_Aspera_var_clean,(((NY072_Aspera_clean,(NY062_Aspera_asperrima_clean,NY074_Aspera_clean)0.78:0.13813305809063514)0.99:0.2392008533515177,(NY068_Aspera_clean,(A07_Aspera_clean,NY046_Aspera_clean)0.39:0.013476920998808161)0.63:0.06941912638949996)0.99:0.25083638757486837,(A31_Aspera_clean,(NY047_Aspera_aspera_clean,(((A08_Aspera_clean,G05_Aspera_clean)0.55:0.0481106882373674,(NY067_Aspera_var_clean,(NY057_Aspera_asperrima_clean,NY056_Aspera_clean)0.4:0.017612060401976905)0.66:0.07302989997365746)0.58:0.05533662715619406,(NY069_Aspera_clean,(NY071_Aspera_clean,(NY070_Aspera_clean,(NY065_Aspera_var_clean,(NY048_Aspera_clean,NY073_Aspera_clean)0.55:0.05416571203676567)0.46:0.03510434216687911)0.5:0.04301646519709384)0.81:0.12723040060796856)0.39:0.051564203737132344)0.51:0.056307764409527394)0.98:0.2090454741038055)0.95:0.17073354326978388)0.68:0.09249515028514912)1:0.3680452899144882)1:0.6980817040519725)0.76:0.11337996826160378)0.9:0.19263372026355502)0.82:0.20698756091008064)0.88:0.22665679437051361)0.4:0.0353621986768829)1:0.869057244669618)1:0.5519237988292914)1:0.35682574469994705)0.37:0.01583561275015479)0.94:0.17017031464463833)1:0.33565642694040443,(090_Aegopogon_aff_clean,((G13_Johnwurdackiana_2_clean,A01_Aegopogon_clean)0.7:0.10013166038449689,((127_Johnwurdackiana_clean,(NY093_Aegopogon_clean,(NY077_Angustifolia_clean,NY082_Verticillaris_clean)0.71:0.10712010966139619)0.62:0.11200452518397916)0.41:0.016509180526791414,((NY092_Aegopogon_clean,(NY081_Papyrus_clean,(NY080_Papyrifera_clean,G21_Papyrus_clean)0.49:0.04858739048618725)0.96:0.201817921575012)0.38:0.009868807993648398,((((003_Aegopogon_clean,014_Aegopogon_clean)0.95:0.1921084397361867,(42_Angustifolia_clean,G17_Aegopogon_clean)0.32:0.0)0.53:0.04472149524480199,(055_Aegopogon_clean,(066_Aegopogon_clean,(NY045_Aegopogon_clean,073_Aegopogon_clean)0.92:0.17076515266020498)0.5:0.03822707954140928)0.78:0.10432883455269676)0.34:0.0,((011_Papyrus_clean,(065_Albescens_clean,(131_Fraterna_clean,A37_Exasperata_clean)0.79:0.13415084328621155)0.42:0.02221688208399797)0.47:0.0429773311988338,((G09_Verticillaris_clean,(030_Nigricans_clean,(025_Nigricans_clean,071_Nigricans_clean)0.45:0.04199321765725325)0.98:0.21385393164286096)0.62:0.0743424665454482,(((G08_Albescens_clean,039_Verticillaris_clean)0.47:0.0684678021124332,(061_Angustifolia_clean,098_Verticillaris_clean)0.63:0.07356144223968332)0.89:0.1441498059529304,(((044_Aegopogon_clean,050_Aegopogon_clean)0.83:0.13635277726491507,((NY079_Albescens_clean,114_Sp5_clean)0.45:0.06325363694708695,(113_Sp5_clean,111_Sp5_clean)0.9:0.15447352359639324)0.62:0.06675966766488331)0.38:0.017030040768612732,((H40_Nigricans_clean,094_Albescens_cf_clean)0.6:0.10492665044065788,(G02_Johnwurdackiana_clean,((NY094_Aegopogon_clean,069_Nigricans_clean)0.54:0.0870978448377186,A29_Angustifolia_clean)0.52:0.04252234345938387)0.47:0.03160547062763372)0.51:0.03963694899570834)0.3:0.0)0.31:0.0)0.48:0.03563299500449035)0.4:0.018200703069176555)0.56:0.05058336948720434)0.4:0.025046359028713824)0.42:0.020655250539845668)0.38:0.007721455530919296)0.51:0.041843149176617064)0.35:0.005771106330072312)0.32:0.0)1:0.2841826287001762)0.52:0.04390407928834263)0.41:0.021441740394179447)0.83:0.14094157456084644));
Weight calculation took 4.726249012 secs
ASTRAL finished in 206.648 secs
