Running RAxML on Trimal50_4806_DZLN_supercontig
ERROR: End-of-file at site 210 of sequence 1
Printing error context:

tcttggaag gtattgtca


Problem reading alignment file 
Running RAxML on Trimal50_4691_IDAU_supercontig
Running RAxML on Trimal50_4471_IDAU_supercontig
ERROR: End-of-file at site 280 of sequence 1
Printing error context:

cttatgccg tcggagcta


Problem reading alignment file 
ERROR: End-of-file at site 238 of sequence 1
Printing error context:

 gggctttgta gaagaca


Problem reading alignment file 
Running RAxML on Trimal50_5406_Tibouchina_supercontig
ERROR: End-of-file at site 2152 of sequence 1
Printing error context:

ggaatt ttatttagca t


Problem reading alignment file 
Running RAxML on Trimal50_5644_Tibouchina_supercontig
Running RAxML on Trimal50_5639_Tibouchina_supercontig
Running RAxML on Trimal50_5716_Tibouchina_supercontig
Running RAxML on Trimal50_5138_WMUK_supercontig
ERROR: End-of-file at site 487 of sequence 1
Printing error context:

gt aaatttaaatgaaaag


Problem reading alignment file 
Running RAxML on Trimal50_5260_ARYD_supercontig
ERROR: End-of-file at site 372 of sequence 1
Printing error context:

aatgttctattctgttc a


Problem reading alignment file 
ERROR: End-of-file at site 488 of sequence 1
Printing error context:

t tctgcgggagtagaggt


Problem reading alignment file 
ERROR: End-of-file at site 219 of sequence 1
Printing error context:

acatctcgtt cgttcgtt


Problem reading alignment file 
ERROR: End-of-file at site 208 of sequence 1
Printing error context:

 atttactgaa agtaatt


Problem reading alignment file 
Running RAxML on .phy
Running RAxML on Trimal50_5865_IMZV_supercontig
Running RAxML on Trimal50_5842_IMZV_supercontig

 Error: please specify a name for this run with -n
ERROR: End-of-file at site 216 of sequence 1
Printing error context:

gc catcttttat tgttt


Problem reading alignment file 
ERROR: End-of-file at site 260 of sequence 1
Printing error context:

acctggaaa gcaggtgac


Problem reading alignment file 
Running RAxML on Trimal50_5772_BZDF_supercontig
ERROR: End-of-file at site 216 of sequence 1
Printing error context:

at gcaggtaata ataaa


Problem reading alignment file 
Running RAxML on Trimal50_6387_HKMQ_supercontig
Running RAxML on Trimal50_6378_BZDF_supercontig
ERROR: End-of-file at site 178 of sequence 1
Printing error context:

 caattcgagc cgctcta


Problem reading alignment file 
ERROR: End-of-file at site 242 of sequence 1
Printing error context:

gctctac tcgcagatgcc


Problem reading alignment file 
Running RAxML on Trimal50_6550_Tibouchina_supercontig
Running RAxML on Trimal50_6544_Tibouchina_supercontig
Running RAxML on Trimal50_6780_AXNH_supercontig
Running RAxML on Trimal50_6679_IMZV_supercontig
ERROR: End-of-file at site 310 of sequence 1
Printing error context:

gttccattttccatttctt


Problem reading alignment file 
ERROR: End-of-file at site 324 of sequence 1
Printing error context:

agtc agatacgaaa ttg


Problem reading alignment file 
ERROR: End-of-file at site 196 of sequence 1
Printing error context:

aatgccactgatg gatac


Problem reading alignment file 
ERROR: End-of-file at site 202 of sequence 1
Printing error context:

gtttct catctaatcg a


Problem reading alignment file 
Running RAxML on Trimal50_7136_Tibouchina_supercontig
Running RAxML on Trimal50_7029_Torricelli_supercontig
ERROR: End-of-file at site 221 of sequence 1
Printing error context:

ttgttttt tgctatgttc


Problem reading alignment file 
ERROR: End-of-file at site 1147 of sequence 1
Printing error context:

gg acagaagactaa----


Problem reading alignment file 
Running RAxML on Trimal50_5926_Tibouchina_appended_supercontig
ERROR: End-of-file at site 324 of sequence 1
Printing error context:

---- ---------- ---


Problem reading alignment file 
Running RAxML on Trimal50_5910_ZINQ_supercontig
Running RAxML on Trimal50_6527_Tibouchina_supercontig
ERROR: End-of-file at site 403 of sequence 1
Printing error context:

atctt ggtcaggacg tt


Problem reading alignment file 
ERROR: End-of-file at site 201 of sequence 1
Printing error context:

gaagacgt tctactacga


Problem reading alignment file 
Running RAxML on Trimal50_6954_IDAU_supercontig
Running RAxML on Trimal50_6977_DZLN_supercontig
ERROR: End-of-file at site 217 of sequence 1
Printing error context:

g gtaccaggtt cttctc


Problem reading alignment file 
ERROR: End-of-file at site 209 of sequence 1
Printing error context:

--------tc ttgcaca-


Problem reading alignment file 
Running RAxML on Trimal50_6947_ARYD_supercontig
Running RAxML on Trimal50_6854_Tibouchina_supercontig
Running RAxML on Trimal50_AT3G02760_Tibouchina_supercontig
Running RAxML on Trimal50_AT1G17160_Tibouchina_supercontig
Running RAxML on Trimal50_5942_Tibouchina_supercontig
ERROR: End-of-file at site 260 of sequence 1
Printing error context:

gagttctat ttccact--


Problem reading alignment file 
ERROR: End-of-file at site 282 of sequence 1
Printing error context:

gtgggt ttctgttaag g


Problem reading alignment file 
ERROR: End-of-file at site 601 of sequence 1
Printing error context:

-------- ----------


Problem reading alignment file 
ERROR: End-of-file at site 594 of sequence 1
Printing error context:

---- ---------- ---


Problem reading alignment file 
ERROR: End-of-file at site 2950 of sequence 1
Printing error context:

ccaatgcaggtagtacgag


Problem reading alignment file 
Running RAxML on Trimal50_AT3G56460_Tibouchina_supercontig
Running RAxML on Trimal50_AT3G56940_Tibouchina_supercontig
Running RAxML on Trimal50_AT4G38890_Brachyotum_supercontig
ERROR: End-of-file at site 430 of sequence 1
Printing error context:

ggttcttctgcctctccgt


Problem reading alignment file 
ERROR: End-of-file at site 678 of sequence 1
Printing error context:

ggtgggaggga aactcgc


Problem reading alignment file 
ERROR: End-of-file at site 1473 of sequence 1
Printing error context:

tcgga taggaaaggt at


Problem reading alignment file 
Running RAxML on Trimal50_5090_BZDF_supercontig
ERROR: End-of-file at site 218 of sequence 1
Printing error context:

 ttactcgcag ccgacct


Problem reading alignment file 
Running RAxML on Trimal50_5477_Tibouchina_supercontig
Running RAxML on Trimal50_5594_BXBF_supercontig
ERROR: End-of-file at site 227 of sequence 1
Printing error context:

g aagcactgcg gccctt


Problem reading alignment file 
ERROR: End-of-file at site 966 of sequence 1
Printing error context:

ccc cagtctttgcacatc


Problem reading alignment file 
Running RAxML on Trimal50_5264_Tibouchina_supercontig
ERROR: End-of-file at site 401 of sequence 1
Printing error context:

gattggaa attcaatttg


Problem reading alignment file 
Running RAxML on Trimal50_6221_UPZX_supercontig
Running RAxML on Trimal50_6130_HYZL_supercontig
Running RAxML on Trimal50_6164_IMZV_supercontig
Running RAxML on Trimal50_6226_HKMQ_supercontig
ERROR: End-of-file at site 186 of sequence 1
Printing error context:

cat tctgatgagatcgga


Problem reading alignment file 
ERROR: End-of-file at site 216 of sequence 1
Printing error context:

tt tttgggtatt catat


Problem reading alignment file 
ERROR: End-of-file at site 221 of sequence 1
Printing error context:

ctcattgg tcgcattgag


Problem reading alignment file 
ERROR: End-of-file at site 230 of sequence 1
Printing error context:

actggtttg ttccaacgt


Problem reading alignment file 
Running RAxML on Trimal50_6488_KBRW_supercontig
Running RAxML on Trimal50_6506_UPZX_supercontig
Running RAxML on Trimal50_6459_Torricelli_supercontig
ERROR: End-of-file at site 283 of sequence 1
Printing error context:

aggct taagacattt gg


Problem reading alignment file 
ERROR: End-of-file at site 210 of sequence 1
Printing error context:

ctgttcttt gtcgtgtcc


Problem reading alignment file 
ERROR: End-of-file at site 229 of sequence 1
Printing error context:

atagaag--- --------


Problem reading alignment file 
Running RAxML on Trimal50_AT5G64370_Tibouchina_supercontig
Running RAxML on Trimal50_AT5G60590_Tibouchina_supercontig
Running RAxML on Trimal50_TC02G003400_Tibouchina_supercontig
Running RAxML on Trimal50_AT5G67530_Tibouchina_supercontig
Running RAxML on Trimal50_TC04G006100_Tibouchina_supercontig
Running RAxML on Trimal50_TC04G030490_Tibouchina_supercontig
Running RAxML on Trimal50_TC03G025580_Tibouchina_supercontig
Running RAxML on Trimal50_TC02G006310_Tibouchina_supercontig
Running RAxML on Trimal50_TC02G023190_Tibouchina_supercontig
ERROR: End-of-file at site 656 of sequence 1
Printing error context:

tt gccagcgcaa tggaa


Problem reading alignment file 
ERROR: End-of-file at site 1470 of sequence 1
Printing error context:

ctgtaggca gctgaagga


Problem reading alignment file 
ERROR: End-of-file at site 1870 of sequence 1
Printing error context:

cttgggttgacttcaagca


Problem reading alignment file 
ERROR: End-of-file at site 1690 of sequence 1
Printing error context:

-------------------


Problem reading alignment file 
ERROR: End-of-file at site 418 of sequence 1
Printing error context:

 tcaccggctt gtttcat


Problem reading alignment file 
ERROR: End-of-file at site 478 of sequence 1
Printing error context:

 tccataaggt tgtacac


Problem reading alignment file 
ERROR: End-of-file at site 1180 of sequence 1
Printing error context:

tgattcggt gtgctaagt


Problem reading alignment file 
ERROR: End-of-file at site 1348 of sequence 1
Printing error context:

 ggagagttgc atctgga


Problem reading alignment file 
ERROR: End-of-file at site 1003 of sequence 1
Printing error context:

----- ---------- --


Problem reading alignment file 
Running RAxML on Trimal50_AT5G40440_Tibouchina_supercontig
Running RAxML on Trimal50_AT5G13630_Tibouchina_supercontig
Running RAxML on Trimal50_AT4G39520_Tibouchina_supercontig
Running RAxML on Trimal50_AT5G06830_Tibouchina_supercontig
ERROR: End-of-file at site 778 of sequence 1
Printing error context:

 tctgatgacg tcatctc


Problem reading alignment file 
ERROR: End-of-file at site 1352 of sequence 1
Printing error context:

ctggct agtgaatagg g


Problem reading alignment file 
ERROR: End-of-file at site 1568 of sequence 1
Printing error context:

t aacaagataagctggga


Problem reading alignment file 
ERROR: End-of-file at site 3260 of sequence 1
Printing error context:

gaaggcata gacaggtaa


Problem reading alignment file 
Running RAxML on Trimal50_TC05G008010_Tibouchina_supercontig
Running RAxML on Trimal50_6227_Tibouchina_supercontig
Running RAxML on Trimal50_TC07G011130_Tibouchina_supercontig
Running RAxML on Trimal50_TC07G000500_Tibouchina_supercontig
Running RAxML on Trimal50_TC06G011670_Tibouchina_supercontig
Running RAxML on Trimal50_TC09G025650_Tibouchina_supercontig
Running RAxML on Trimal50_TC05G029300_Tibouchina_supercontig
Running RAxML on Trimal50_TC05G027690_Tibouchina_supercontig
ERROR: End-of-file at site 397 of sequence 1
Printing error context:

g gtggaagcgt tgccag


Problem reading alignment file 
ERROR: End-of-file at site 283 of sequence 1
Printing error context:

----- ---------- --


Problem reading alignment file 
ERROR: End-of-file at site 321 of sequence 1
Printing error context:

actggcaa aaaagattga


Problem reading alignment file 
ERROR: End-of-file at site 1155 of sequence 1
Printing error context:

gggagataaggg-- ----


Problem reading alignment file 
ERROR: End-of-file at site 689 of sequence 1
Printing error context:

aggtgaactg gagaagac


Problem reading alignment file 
ERROR: End-of-file at site 1220 of sequence 1
Printing error context:

cctacctta aggagaata


Problem reading alignment file 
ERROR: End-of-file at site 2177 of sequence 1
Printing error context:

gaggacataagg gtggag


Problem reading alignment file 
ERROR: End-of-file at site 1966 of sequence 1
Printing error context:

ct ccaagggtcg ccctg


Problem reading alignment file 
Running RAxML on Trimal50_7602_VMNH_supercontig
ERROR: End-of-file at site 228 of sequence 1
Printing error context:

 accttagcag tgtggtc


Problem reading alignment file 
Running RAxML on Trimal50_AT3G24190_Tibouchina_supercontig
Running RAxML on Trimal50_AT3G26782_Tibouchina_supercontig
ERROR: End-of-file at site 1738 of sequence 1
Printing error context:

 ctttgatatt tgggtcc


Problem reading alignment file 
ERROR: End-of-file at site 1229 of sequence 1
Printing error context:

aaggaactgt ctgtgaag


Problem reading alignment file 
Running RAxML on Trimal50_6119_Tibouchina_supercontig
Running RAxML on Trimal50_5990_AXNH_supercontig
ERROR: End-of-file at site 191 of sequence 1
Printing error context:

catctccttcatgtggttt


Problem reading alignment file 
ERROR: End-of-file at site 349 of sequence 1
Printing error context:

catacaaatc tggattct


Problem reading alignment file 
