
43 sequences and 218 positions in the first alignment file:
../Trimal_90/Trimal90_4471_IDAU_supercontig.fasta

../Trimal_90/Trimal90_4471_IDAU_supercontig.fasta
Original alignment: 218 positions
Gblocks alignment:  121 positions (55 %) in 2 selected block(s)


16 sequences and 214 positions in the first alignment file:
../Trimal_90/Trimal90_4691_IDAU_supercontig.fasta

../Trimal_90/Trimal90_4691_IDAU_supercontig.fasta
Original alignment: 214 positions
Gblocks alignment:  139 positions (64 %) in 1 selected block(s)


105 sequences and 195 positions in the first alignment file:
../Trimal_90/Trimal90_4806_DZLN_supercontig.fasta

../Trimal_90/Trimal90_4806_DZLN_supercontig.fasta
Original alignment: 195 positions
Gblocks alignment:  133 positions (68 %) in 2 selected block(s)


12 sequences and 205 positions in the first alignment file:
../Trimal_90/Trimal90_5090_BZDF_supercontig.fasta

../Trimal_90/Trimal90_5090_BZDF_supercontig.fasta
Original alignment: 205 positions
Gblocks alignment:  166 positions (80 %) in 4 selected block(s)


15 sequences and 202 positions in the first alignment file:
../Trimal_90/Trimal90_5138_WMUK_supercontig.fasta

../Trimal_90/Trimal90_5138_WMUK_supercontig.fasta
Original alignment: 202 positions
Gblocks alignment:  155 positions (76 %) in 1 selected block(s)


23 sequences and 198 positions in the first alignment file:
../Trimal_90/Trimal90_5260_ARYD_supercontig.fasta

../Trimal_90/Trimal90_5260_ARYD_supercontig.fasta
Original alignment: 198 positions
Gblocks alignment:  161 positions (81 %) in 3 selected block(s)


135 sequences and 344 positions in the first alignment file:
../Trimal_90/Trimal90_5264_Tibouchina_supercontig.fasta

../Trimal_90/Trimal90_5264_Tibouchina_supercontig.fasta
Original alignment: 344 positions
Gblocks alignment:  0 positions (0 %) in 0 selected block(s)


137 sequences and 1316 positions in the first alignment file:
../Trimal_90/Trimal90_5406_Tibouchina_supercontig.fasta

../Trimal_90/Trimal90_5406_Tibouchina_supercontig.fasta
Original alignment: 1316 positions
Gblocks alignment:  0 positions (0 %) in 0 selected block(s)


136 sequences and 630 positions in the first alignment file:
../Trimal_90/Trimal90_5477_Tibouchina_supercontig.fasta

../Trimal_90/Trimal90_5477_Tibouchina_supercontig.fasta
Original alignment: 630 positions
Gblocks alignment:  0 positions (0 %) in 0 selected block(s)


11 sequences and 195 positions in the first alignment file:
../Trimal_90/Trimal90_5594_BXBF_supercontig.fasta

../Trimal_90/Trimal90_5594_BXBF_supercontig.fasta
Original alignment: 195 positions
Gblocks alignment:  0 positions (0 %) in 0 selected block(s)


83 sequences and 384 positions in the first alignment file:
../Trimal_90/Trimal90_5639_Tibouchina_supercontig.fasta

../Trimal_90/Trimal90_5639_Tibouchina_supercontig.fasta
Original alignment: 384 positions
Gblocks alignment:  48 positions (12 %) in 1 selected block(s)


135 sequences and 207 positions in the first alignment file:
../Trimal_90/Trimal90_5644_Tibouchina_supercontig.fasta

../Trimal_90/Trimal90_5644_Tibouchina_supercontig.fasta
Original alignment: 207 positions
Gblocks alignment:  0 positions (0 %) in 0 selected block(s)


136 sequences and 227 positions in the first alignment file:
../Trimal_90/Trimal90_5716_Tibouchina_supercontig.fasta

../Trimal_90/Trimal90_5716_Tibouchina_supercontig.fasta
Original alignment: 227 positions
Gblocks alignment:  0 positions (0 %) in 0 selected block(s)


14 sequences and 187 positions in the first alignment file:
../Trimal_90/Trimal90_5772_BZDF_supercontig.fasta

../Trimal_90/Trimal90_5772_BZDF_supercontig.fasta
Original alignment: 187 positions
Gblocks alignment:  143 positions (76 %) in 1 selected block(s)


17 sequences and 186 positions in the first alignment file:
../Trimal_90/Trimal90_5842_IMZV_supercontig.fasta

../Trimal_90/Trimal90_5842_IMZV_supercontig.fasta
Original alignment: 186 positions
Gblocks alignment:  172 positions (92 %) in 2 selected block(s)


128 sequences and 233 positions in the first alignment file:
../Trimal_90/Trimal90_5865_IMZV_supercontig.fasta

../Trimal_90/Trimal90_5865_IMZV_supercontig.fasta
Original alignment: 233 positions
Gblocks alignment:  0 positions (0 %) in 0 selected block(s)


43 sequences and 178 positions in the first alignment file:
../Trimal_90/Trimal90_5910_ZINQ_supercontig.fasta

../Trimal_90/Trimal90_5910_ZINQ_supercontig.fasta
Original alignment: 178 positions
Gblocks alignment:  86 positions (48 %) in 1 selected block(s)


25 sequences and 246 positions in the first alignment file:
../Trimal_90/Trimal90_5926_Tibouchina_appended_supercontig.fasta

../Trimal_90/Trimal90_5926_Tibouchina_appended_supercontig.fasta
Original alignment: 246 positions
Gblocks alignment:  190 positions (77 %) in 3 selected block(s)


137 sequences and 504 positions in the first alignment file:
../Trimal_90/Trimal90_5942_Tibouchina_supercontig.fasta

../Trimal_90/Trimal90_5942_Tibouchina_supercontig.fasta
Original alignment: 504 positions
Gblocks alignment:  0 positions (0 %) in 0 selected block(s)


24 sequences and 185 positions in the first alignment file:
../Trimal_90/Trimal90_5990_AXNH_supercontig.fasta

../Trimal_90/Trimal90_5990_AXNH_supercontig.fasta
Original alignment: 185 positions
Gblocks alignment:  135 positions (72 %) in 3 selected block(s)


137 sequences and 296 positions in the first alignment file:
../Trimal_90/Trimal90_6119_Tibouchina_supercontig.fasta

../Trimal_90/Trimal90_6119_Tibouchina_supercontig.fasta
Original alignment: 296 positions
Gblocks alignment:  0 positions (0 %) in 0 selected block(s)


124 sequences and 215 positions in the first alignment file:
../Trimal_90/Trimal90_6130_HYZL_supercontig.fasta

../Trimal_90/Trimal90_6130_HYZL_supercontig.fasta
Original alignment: 215 positions
Gblocks alignment:  143 positions (66 %) in 3 selected block(s)


123 sequences and 214 positions in the first alignment file:
../Trimal_90/Trimal90_6164_IMZV_supercontig.fasta

../Trimal_90/Trimal90_6164_IMZV_supercontig.fasta
Original alignment: 214 positions
Gblocks alignment:  61 positions (28 %) in 2 selected block(s)


93 sequences and 207 positions in the first alignment file:
../Trimal_90/Trimal90_6221_UPZX_supercontig.fasta

../Trimal_90/Trimal90_6221_UPZX_supercontig.fasta
Original alignment: 207 positions
Gblocks alignment:  119 positions (57 %) in 3 selected block(s)


15 sequences and 174 positions in the first alignment file:
../Trimal_90/Trimal90_6226_HKMQ_supercontig.fasta

../Trimal_90/Trimal90_6226_HKMQ_supercontig.fasta
Original alignment: 174 positions
Gblocks alignment:  152 positions (87 %) in 1 selected block(s)


138 sequences and 699 positions in the first alignment file:
../Trimal_90/Trimal90_6227_Tibouchina_supercontig.fasta

../Trimal_90/Trimal90_6227_Tibouchina_supercontig.fasta
Original alignment: 699 positions
Gblocks alignment:  0 positions (0 %) in 0 selected block(s)


46 sequences and 178 positions in the first alignment file:
../Trimal_90/Trimal90_6378_BZDF_supercontig.fasta

../Trimal_90/Trimal90_6378_BZDF_supercontig.fasta
Original alignment: 178 positions
Gblocks alignment:  117 positions (65 %) in 3 selected block(s)


26 sequences and 212 positions in the first alignment file:
../Trimal_90/Trimal90_6387_HKMQ_supercontig.fasta

../Trimal_90/Trimal90_6387_HKMQ_supercontig.fasta
Original alignment: 212 positions
Gblocks alignment:  175 positions (82 %) in 1 selected block(s)


23 sequences and 238 positions in the first alignment file:
../Trimal_90/Trimal90_6459_Torricelli_supercontig.fasta

../Trimal_90/Trimal90_6459_Torricelli_supercontig.fasta
Original alignment: 238 positions
Gblocks alignment:  205 positions (86 %) in 1 selected block(s)


29 sequences and 194 positions in the first alignment file:
../Trimal_90/Trimal90_6488_KBRW_supercontig.fasta

../Trimal_90/Trimal90_6488_KBRW_supercontig.fasta
Original alignment: 194 positions
Gblocks alignment:  180 positions (92 %) in 3 selected block(s)


17 sequences and 209 positions in the first alignment file:
../Trimal_90/Trimal90_6506_UPZX_supercontig.fasta

../Trimal_90/Trimal90_6506_UPZX_supercontig.fasta
Original alignment: 209 positions
Gblocks alignment:  191 positions (91 %) in 2 selected block(s)


139 sequences and 345 positions in the first alignment file:
../Trimal_90/Trimal90_6527_Tibouchina_supercontig.fasta

../Trimal_90/Trimal90_6527_Tibouchina_supercontig.fasta
Original alignment: 345 positions
Gblocks alignment:  40 positions (11 %) in 2 selected block(s)


115 sequences and 268 positions in the first alignment file:
../Trimal_90/Trimal90_6544_Tibouchina_supercontig.fasta

../Trimal_90/Trimal90_6544_Tibouchina_supercontig.fasta
Original alignment: 268 positions
Gblocks alignment:  0 positions (0 %) in 0 selected block(s)


135 sequences and 235 positions in the first alignment file:
../Trimal_90/Trimal90_6550_Tibouchina_supercontig.fasta

../Trimal_90/Trimal90_6550_Tibouchina_supercontig.fasta
Original alignment: 235 positions
Gblocks alignment:  0 positions (0 %) in 0 selected block(s)


15 sequences and 171 positions in the first alignment file:
../Trimal_90/Trimal90_6679_IMZV_supercontig.fasta

../Trimal_90/Trimal90_6679_IMZV_supercontig.fasta
Original alignment: 171 positions
Gblocks alignment:  130 positions (76 %) in 2 selected block(s)


24 sequences and 178 positions in the first alignment file:
../Trimal_90/Trimal90_6780_AXNH_supercontig.fasta

../Trimal_90/Trimal90_6780_AXNH_supercontig.fasta
Original alignment: 178 positions
Gblocks alignment:  151 positions (84 %) in 1 selected block(s)


137 sequences and 201 positions in the first alignment file:
../Trimal_90/Trimal90_6854_Tibouchina_supercontig.fasta

../Trimal_90/Trimal90_6854_Tibouchina_supercontig.fasta
Original alignment: 201 positions
Gblocks alignment:  43 positions (21 %) in 1 selected block(s)


11 sequences and 227 positions in the first alignment file:
../Trimal_90/Trimal90_6947_ARYD_supercontig.fasta

../Trimal_90/Trimal90_6947_ARYD_supercontig.fasta
Original alignment: 227 positions
Gblocks alignment:  190 positions (83 %) in 1 selected block(s)


42 sequences and 203 positions in the first alignment file:
../Trimal_90/Trimal90_6954_IDAU_supercontig.fasta

../Trimal_90/Trimal90_6954_IDAU_supercontig.fasta
Original alignment: 203 positions
Gblocks alignment:  64 positions (31 %) in 2 selected block(s)


63 sequences and 183 positions in the first alignment file:
../Trimal_90/Trimal90_6977_DZLN_supercontig.fasta

../Trimal_90/Trimal90_6977_DZLN_supercontig.fasta
Original alignment: 183 positions
Gblocks alignment:  140 positions (76 %) in 1 selected block(s)


116 sequences and 211 positions in the first alignment file:
../Trimal_90/Trimal90_7029_Torricelli_supercontig.fasta

../Trimal_90/Trimal90_7029_Torricelli_supercontig.fasta
Original alignment: 211 positions
Gblocks alignment:  120 positions (56 %) in 1 selected block(s)


137 sequences and 563 positions in the first alignment file:
../Trimal_90/Trimal90_7136_Tibouchina_supercontig.fasta

../Trimal_90/Trimal90_7136_Tibouchina_supercontig.fasta
Original alignment: 563 positions
Gblocks alignment:  0 positions (0 %) in 0 selected block(s)


59 sequences and 208 positions in the first alignment file:
../Trimal_90/Trimal90_7602_VMNH_supercontig.fasta

../Trimal_90/Trimal90_7602_VMNH_supercontig.fasta
Original alignment: 208 positions
Gblocks alignment:  160 positions (76 %) in 2 selected block(s)


136 sequences and 411 positions in the first alignment file:
../Trimal_90/Trimal90_AT1G17160_Tibouchina_supercontig.fasta

../Trimal_90/Trimal90_AT1G17160_Tibouchina_supercontig.fasta
Original alignment: 411 positions
Gblocks alignment:  0 positions (0 %) in 0 selected block(s)


138 sequences and 1450 positions in the first alignment file:
../Trimal_90/Trimal90_AT3G02760_Tibouchina_supercontig.fasta

../Trimal_90/Trimal90_AT3G02760_Tibouchina_supercontig.fasta
Original alignment: 1450 positions
Gblocks alignment:  0 positions (0 %) in 0 selected block(s)


138 sequences and 1218 positions in the first alignment file:
../Trimal_90/Trimal90_AT3G24190_Tibouchina_supercontig.fasta

../Trimal_90/Trimal90_AT3G24190_Tibouchina_supercontig.fasta
Original alignment: 1218 positions
Gblocks alignment:  0 positions (0 %) in 0 selected block(s)


137 sequences and 912 positions in the first alignment file:
../Trimal_90/Trimal90_AT3G26782_Tibouchina_supercontig.fasta

../Trimal_90/Trimal90_AT3G26782_Tibouchina_supercontig.fasta
Original alignment: 912 positions
Gblocks alignment:  0 positions (0 %) in 0 selected block(s)


139 sequences and 403 positions in the first alignment file:
../Trimal_90/Trimal90_AT3G56460_Tibouchina_supercontig.fasta

../Trimal_90/Trimal90_AT3G56460_Tibouchina_supercontig.fasta
Original alignment: 403 positions
Gblocks alignment:  0 positions (0 %) in 0 selected block(s)


139 sequences and 376 positions in the first alignment file:
../Trimal_90/Trimal90_AT3G56940_Tibouchina_supercontig.fasta

../Trimal_90/Trimal90_AT3G56940_Tibouchina_supercontig.fasta
Original alignment: 376 positions
Gblocks alignment:  68 positions (18 %) in 1 selected block(s)


140 sequences and 1008 positions in the first alignment file:
../Trimal_90/Trimal90_AT4G38890_Brachyotum_supercontig.fasta

../Trimal_90/Trimal90_AT4G38890_Brachyotum_supercontig.fasta
Original alignment: 1008 positions
Gblocks alignment:  47 positions (4 %) in 1 selected block(s)


137 sequences and 636 positions in the first alignment file:
../Trimal_90/Trimal90_AT4G39520_Tibouchina_supercontig.fasta

../Trimal_90/Trimal90_AT4G39520_Tibouchina_supercontig.fasta
Original alignment: 636 positions
Gblocks alignment:  0 positions (0 %) in 0 selected block(s)


138 sequences and 879 positions in the first alignment file:
../Trimal_90/Trimal90_AT5G06830_Tibouchina_supercontig.fasta

../Trimal_90/Trimal90_AT5G06830_Tibouchina_supercontig.fasta
Original alignment: 879 positions
Gblocks alignment:  0 positions (0 %) in 0 selected block(s)


139 sequences and 2485 positions in the first alignment file:
../Trimal_90/Trimal90_AT5G13630_Tibouchina_supercontig.fasta

../Trimal_90/Trimal90_AT5G13630_Tibouchina_supercontig.fasta
Original alignment: 2485 positions
Gblocks alignment:  0 positions (0 %) in 0 selected block(s)


138 sequences and 1007 positions in the first alignment file:
../Trimal_90/Trimal90_AT5G40440_Tibouchina_supercontig.fasta

../Trimal_90/Trimal90_AT5G40440_Tibouchina_supercontig.fasta
Original alignment: 1007 positions
Gblocks alignment:  0 positions (0 %) in 0 selected block(s)


107 sequences and 296 positions in the first alignment file:
../Trimal_90/Trimal90_AT5G60590_Tibouchina_supercontig.fasta

../Trimal_90/Trimal90_AT5G60590_Tibouchina_supercontig.fasta
Original alignment: 296 positions
Gblocks alignment:  0 positions (0 %) in 0 selected block(s)


139 sequences and 432 positions in the first alignment file:
../Trimal_90/Trimal90_AT5G64370_Tibouchina_supercontig.fasta

../Trimal_90/Trimal90_AT5G64370_Tibouchina_supercontig.fasta
Original alignment: 432 positions
Gblocks alignment:  0 positions (0 %) in 0 selected block(s)


138 sequences and 646 positions in the first alignment file:
../Trimal_90/Trimal90_AT5G67530_Tibouchina_supercontig.fasta

../Trimal_90/Trimal90_AT5G67530_Tibouchina_supercontig.fasta
Original alignment: 646 positions
Gblocks alignment:  0 positions (0 %) in 0 selected block(s)


139 sequences and 776 positions in the first alignment file:
../Trimal_90/Trimal90_TC02G003400_Tibouchina_supercontig.fasta

../Trimal_90/Trimal90_TC02G003400_Tibouchina_supercontig.fasta
Original alignment: 776 positions
Gblocks alignment:  0 positions (0 %) in 0 selected block(s)


134 sequences and 182 positions in the first alignment file:
../Trimal_90/Trimal90_TC02G006310_Tibouchina_supercontig.fasta

../Trimal_90/Trimal90_TC02G006310_Tibouchina_supercontig.fasta
Original alignment: 182 positions
Gblocks alignment:  0 positions (0 %) in 0 selected block(s)


139 sequences and 670 positions in the first alignment file:
../Trimal_90/Trimal90_TC02G023190_Tibouchina_supercontig.fasta

../Trimal_90/Trimal90_TC02G023190_Tibouchina_supercontig.fasta
Original alignment: 670 positions
Gblocks alignment:  0 positions (0 %) in 0 selected block(s)


139 sequences and 933 positions in the first alignment file:
../Trimal_90/Trimal90_TC03G025580_Tibouchina_supercontig.fasta

../Trimal_90/Trimal90_TC03G025580_Tibouchina_supercontig.fasta
Original alignment: 933 positions
Gblocks alignment:  0 positions (0 %) in 0 selected block(s)


139 sequences and 458 positions in the first alignment file:
../Trimal_90/Trimal90_TC04G006100_Tibouchina_supercontig.fasta

../Trimal_90/Trimal90_TC04G006100_Tibouchina_supercontig.fasta
Original alignment: 458 positions
Gblocks alignment:  0 positions (0 %) in 0 selected block(s)


135 sequences and 386 positions in the first alignment file:
../Trimal_90/Trimal90_TC04G030490_Tibouchina_supercontig.fasta

../Trimal_90/Trimal90_TC04G030490_Tibouchina_supercontig.fasta
Original alignment: 386 positions
Gblocks alignment:  0 positions (0 %) in 0 selected block(s)


139 sequences and 1892 positions in the first alignment file:
../Trimal_90/Trimal90_TC05G008010_Tibouchina_supercontig.fasta

../Trimal_90/Trimal90_TC05G008010_Tibouchina_supercontig.fasta
Original alignment: 1892 positions
Gblocks alignment:  0 positions (0 %) in 0 selected block(s)


137 sequences and 392 positions in the first alignment file:
../Trimal_90/Trimal90_TC05G027690_Tibouchina_supercontig.fasta

../Trimal_90/Trimal90_TC05G027690_Tibouchina_supercontig.fasta
Original alignment: 392 positions
Gblocks alignment:  0 positions (0 %) in 0 selected block(s)


140 sequences and 1848 positions in the first alignment file:
../Trimal_90/Trimal90_TC05G029300_Tibouchina_supercontig.fasta

../Trimal_90/Trimal90_TC05G029300_Tibouchina_supercontig.fasta
Original alignment: 1848 positions
Gblocks alignment:  0 positions (0 %) in 0 selected block(s)


104 sequences and 332 positions in the first alignment file:
../Trimal_90/Trimal90_TC06G011670_Tibouchina_supercontig.fasta

../Trimal_90/Trimal90_TC06G011670_Tibouchina_supercontig.fasta
Original alignment: 332 positions
Gblocks alignment:  0 positions (0 %) in 0 selected block(s)


Too few positions in the alignment (at least two positions are necessary): 0

Execution terminated

137 sequences and 284 positions in the first alignment file:
../Trimal_90/Trimal90_TC07G000500_Tibouchina_supercontig.fasta

../Trimal_90/Trimal90_TC07G000500_Tibouchina_supercontig.fasta
Original alignment: 284 positions
Gblocks alignment:  0 positions (0 %) in 0 selected block(s)


Too few positions in the alignment (at least two positions are necessary): 0

Execution terminated

135 sequences and 614 positions in the first alignment file:
../Trimal_90/Trimal90_TC09G025650_Tibouchina_supercontig.fasta

../Trimal_90/Trimal90_TC09G025650_Tibouchina_supercontig.fasta
Original alignment: 614 positions
Gblocks alignment:  0 positions (0 %) in 0 selected block(s)

