
43 sequences and 1966 positions in the first alignment file:
4471_IDAU_supercontig.fasta

4471_IDAU_supercontig.fasta
Original alignment: 1966 positions
Gblocks alignment:  112 positions (5 %) in 2 selected block(s)


16 sequences and 804 positions in the first alignment file:
4691_IDAU_supercontig.fasta

4691_IDAU_supercontig.fasta
Original alignment: 804 positions
Gblocks alignment:  139 positions (17 %) in 1 selected block(s)


105 sequences and 1047 positions in the first alignment file:
4806_DZLN_supercontig.fasta

4806_DZLN_supercontig.fasta
Original alignment: 1047 positions
Gblocks alignment:  125 positions (11 %) in 2 selected block(s)


12 sequences and 769 positions in the first alignment file:
5090_BZDF_supercontig.fasta

5090_BZDF_supercontig.fasta
Original alignment: 769 positions
Gblocks alignment:  145 positions (18 %) in 5 selected block(s)


15 sequences and 665 positions in the first alignment file:
5138_WMUK_supercontig.fasta

5138_WMUK_supercontig.fasta
Original alignment: 665 positions
Gblocks alignment:  155 positions (23 %) in 1 selected block(s)


23 sequences and 770 positions in the first alignment file:
5260_ARYD_supercontig.fasta

5260_ARYD_supercontig.fasta
Original alignment: 770 positions
Gblocks alignment:  158 positions (20 %) in 4 selected block(s)


135 sequences and 3613 positions in the first alignment file:
5264_Tibouchina_supercontig.fasta

5264_Tibouchina_supercontig.fasta
Original alignment: 3613 positions
Gblocks alignment:  0 positions (0 %) in 0 selected block(s)


137 sequences and 42413 positions in the first alignment file:
5406_Tibouchina_supercontig.fasta

5406_Tibouchina_supercontig.fasta
Original alignment: 42413 positions
Gblocks alignment:  0 positions (0 %) in 0 selected block(s)


136 sequences and 9659 positions in the first alignment file:
5477_Tibouchina_supercontig.fasta

5477_Tibouchina_supercontig.fasta
Original alignment: 9659 positions
Gblocks alignment:  0 positions (0 %) in 0 selected block(s)


11 sequences and 492 positions in the first alignment file:
5594_BXBF_supercontig.fasta

5594_BXBF_supercontig.fasta
Original alignment: 492 positions
Gblocks alignment:  0 positions (0 %) in 0 selected block(s)


83 sequences and 8367 positions in the first alignment file:
5639_Tibouchina_supercontig.fasta

5639_Tibouchina_supercontig.fasta
Original alignment: 8367 positions
Gblocks alignment:  48 positions (0 %) in 1 selected block(s)


135 sequences and 14123 positions in the first alignment file:
5644_Tibouchina_supercontig.fasta

5644_Tibouchina_supercontig.fasta
Original alignment: 14123 positions
Gblocks alignment:  0 positions (0 %) in 0 selected block(s)


136 sequences and 3964 positions in the first alignment file:
5716_Tibouchina_supercontig.fasta

5716_Tibouchina_supercontig.fasta
Original alignment: 3964 positions
Gblocks alignment:  0 positions (0 %) in 0 selected block(s)


14 sequences and 579 positions in the first alignment file:
5772_BZDF_supercontig.fasta

5772_BZDF_supercontig.fasta
Original alignment: 579 positions
Gblocks alignment:  143 positions (24 %) in 3 selected block(s)


17 sequences and 260 positions in the first alignment file:
5842_IMZV_supercontig.fasta

5842_IMZV_supercontig.fasta
Original alignment: 260 positions
Gblocks alignment:  172 positions (66 %) in 2 selected block(s)


128 sequences and 3556 positions in the first alignment file:
5865_IMZV_supercontig.fasta

5865_IMZV_supercontig.fasta
Original alignment: 3556 positions
Gblocks alignment:  0 positions (0 %) in 0 selected block(s)


43 sequences and 844 positions in the first alignment file:
5910_ZINQ_supercontig.fasta

5910_ZINQ_supercontig.fasta
Original alignment: 844 positions
Gblocks alignment:  86 positions (10 %) in 1 selected block(s)


25 sequences and 1296 positions in the first alignment file:
5926_Tibouchina_appended_supercontig.fasta

5926_Tibouchina_appended_supercontig.fasta
Original alignment: 1296 positions
Gblocks alignment:  185 positions (14 %) in 4 selected block(s)


137 sequences and 12183 positions in the first alignment file:
5942_Tibouchina_supercontig.fasta

5942_Tibouchina_supercontig.fasta
Original alignment: 12183 positions
Gblocks alignment:  0 positions (0 %) in 0 selected block(s)


24 sequences and 325 positions in the first alignment file:
5990_AXNH_supercontig.fasta

5990_AXNH_supercontig.fasta
Original alignment: 325 positions
Gblocks alignment:  135 positions (41 %) in 3 selected block(s)


137 sequences and 10760 positions in the first alignment file:
6119_Tibouchina_supercontig.fasta

6119_Tibouchina_supercontig.fasta
Original alignment: 10760 positions
Gblocks alignment:  0 positions (0 %) in 0 selected block(s)


124 sequences and 329 positions in the first alignment file:
6130_HYZL_supercontig.fasta

6130_HYZL_supercontig.fasta
Original alignment: 329 positions
Gblocks alignment:  127 positions (38 %) in 3 selected block(s)


123 sequences and 1180 positions in the first alignment file:
6164_IMZV_supercontig.fasta

6164_IMZV_supercontig.fasta
Original alignment: 1180 positions
Gblocks alignment:  61 positions (5 %) in 2 selected block(s)


93 sequences and 549 positions in the first alignment file:
6221_UPZX_supercontig.fasta

6221_UPZX_supercontig.fasta
Original alignment: 549 positions
Gblocks alignment:  112 positions (20 %) in 3 selected block(s)


15 sequences and 265 positions in the first alignment file:
6226_HKMQ_supercontig.fasta

6226_HKMQ_supercontig.fasta
Original alignment: 265 positions
Gblocks alignment:  152 positions (57 %) in 1 selected block(s)


138 sequences and 18424 positions in the first alignment file:
6227_Tibouchina_supercontig.fasta

6227_Tibouchina_supercontig.fasta
Original alignment: 18424 positions
Gblocks alignment:  0 positions (0 %) in 0 selected block(s)


46 sequences and 1269 positions in the first alignment file:
6378_BZDF_supercontig.fasta

6378_BZDF_supercontig.fasta
Original alignment: 1269 positions
Gblocks alignment:  111 positions (8 %) in 4 selected block(s)


26 sequences and 350 positions in the first alignment file:
6387_HKMQ_supercontig.fasta

6387_HKMQ_supercontig.fasta
Original alignment: 350 positions
Gblocks alignment:  175 positions (50 %) in 1 selected block(s)


23 sequences and 1262 positions in the first alignment file:
6459_Torricelli_supercontig.fasta

6459_Torricelli_supercontig.fasta
Original alignment: 1262 positions
Gblocks alignment:  205 positions (16 %) in 1 selected block(s)


29 sequences and 521 positions in the first alignment file:
6488_KBRW_supercontig.fasta

6488_KBRW_supercontig.fasta
Original alignment: 521 positions
Gblocks alignment:  180 positions (34 %) in 3 selected block(s)


17 sequences and 274 positions in the first alignment file:
6506_UPZX_supercontig.fasta

6506_UPZX_supercontig.fasta
Original alignment: 274 positions
Gblocks alignment:  191 positions (69 %) in 2 selected block(s)


139 sequences and 6564 positions in the first alignment file:
6527_Tibouchina_supercontig.fasta

6527_Tibouchina_supercontig.fasta
Original alignment: 6564 positions
Gblocks alignment:  40 positions (0 %) in 2 selected block(s)


115 sequences and 6994 positions in the first alignment file:
6544_Tibouchina_supercontig.fasta

6544_Tibouchina_supercontig.fasta
Original alignment: 6994 positions
Gblocks alignment:  0 positions (0 %) in 0 selected block(s)


135 sequences and 4960 positions in the first alignment file:
6550_Tibouchina_supercontig.fasta

6550_Tibouchina_supercontig.fasta
Original alignment: 4960 positions
Gblocks alignment:  0 positions (0 %) in 0 selected block(s)


15 sequences and 334 positions in the first alignment file:
6679_IMZV_supercontig.fasta

6679_IMZV_supercontig.fasta
Original alignment: 334 positions
Gblocks alignment:  124 positions (37 %) in 3 selected block(s)


24 sequences and 366 positions in the first alignment file:
6780_AXNH_supercontig.fasta

6780_AXNH_supercontig.fasta
Original alignment: 366 positions
Gblocks alignment:  151 positions (41 %) in 1 selected block(s)


137 sequences and 3582 positions in the first alignment file:
6854_Tibouchina_supercontig.fasta

6854_Tibouchina_supercontig.fasta
Original alignment: 3582 positions
Gblocks alignment:  35 positions (0 %) in 1 selected block(s)


11 sequences and 730 positions in the first alignment file:
6947_ARYD_supercontig.fasta

6947_ARYD_supercontig.fasta
Original alignment: 730 positions
Gblocks alignment:  190 positions (26 %) in 1 selected block(s)


42 sequences and 938 positions in the first alignment file:
6954_IDAU_supercontig.fasta

6954_IDAU_supercontig.fasta
Original alignment: 938 positions
Gblocks alignment:  64 positions (6 %) in 2 selected block(s)


63 sequences and 1068 positions in the first alignment file:
6977_DZLN_supercontig.fasta

6977_DZLN_supercontig.fasta
Original alignment: 1068 positions
Gblocks alignment:  140 positions (13 %) in 2 selected block(s)


116 sequences and 1370 positions in the first alignment file:
7029_Torricelli_supercontig.fasta

7029_Torricelli_supercontig.fasta
Original alignment: 1370 positions
Gblocks alignment:  114 positions (8 %) in 2 selected block(s)


137 sequences and 12986 positions in the first alignment file:
7136_Tibouchina_supercontig.fasta

7136_Tibouchina_supercontig.fasta
Original alignment: 12986 positions
Gblocks alignment:  0 positions (0 %) in 0 selected block(s)


59 sequences and 848 positions in the first alignment file:
7602_VMNH_supercontig.fasta

7602_VMNH_supercontig.fasta
Original alignment: 848 positions
Gblocks alignment:  159 positions (18 %) in 2 selected block(s)


136 sequences and 24403 positions in the first alignment file:
AT1G17160_Tibouchina_supercontig.fasta

AT1G17160_Tibouchina_supercontig.fasta
Original alignment: 24403 positions
Gblocks alignment:  0 positions (0 %) in 0 selected block(s)


138 sequences and 69601 positions in the first alignment file:
AT3G02760_Tibouchina_supercontig.fasta

AT3G02760_Tibouchina_supercontig.fasta
Original alignment: 69601 positions
Gblocks alignment:  0 positions (0 %) in 0 selected block(s)


138 sequences and 37386 positions in the first alignment file:
AT3G24190_Tibouchina_supercontig.fasta

AT3G24190_Tibouchina_supercontig.fasta
Original alignment: 37386 positions
Gblocks alignment:  0 positions (0 %) in 0 selected block(s)


137 sequences and 22973 positions in the first alignment file:
AT3G26782_Tibouchina_supercontig.fasta

AT3G26782_Tibouchina_supercontig.fasta
Original alignment: 22973 positions
Gblocks alignment:  0 positions (0 %) in 0 selected block(s)


139 sequences and 25696 positions in the first alignment file:
AT3G56460_Tibouchina_supercontig.fasta

AT3G56460_Tibouchina_supercontig.fasta
Original alignment: 25696 positions
Gblocks alignment:  0 positions (0 %) in 0 selected block(s)


139 sequences and 4313 positions in the first alignment file:
AT3G56940_Tibouchina_supercontig.fasta

AT3G56940_Tibouchina_supercontig.fasta
Original alignment: 4313 positions
Gblocks alignment:  68 positions (1 %) in 2 selected block(s)


140 sequences and 25590 positions in the first alignment file:
AT4G38890_Brachyotum_supercontig.fasta

AT4G38890_Brachyotum_supercontig.fasta
Original alignment: 25590 positions
Gblocks alignment:  43 positions (0 %) in 1 selected block(s)


137 sequences and 32444 positions in the first alignment file:
AT4G39520_Tibouchina_supercontig.fasta

AT4G39520_Tibouchina_supercontig.fasta
Original alignment: 32444 positions
Gblocks alignment:  0 positions (0 %) in 0 selected block(s)


138 sequences and 24497 positions in the first alignment file:
AT5G06830_Tibouchina_supercontig.fasta

AT5G06830_Tibouchina_supercontig.fasta
Original alignment: 24497 positions
Gblocks alignment:  0 positions (0 %) in 0 selected block(s)


139 sequences and 101811 positions in the first alignment file:
AT5G13630_Tibouchina_supercontig.fasta

AT5G13630_Tibouchina_supercontig.fasta
Original alignment: 101811 positions
Gblocks alignment:  0 positions (0 %) in 0 selected block(s)


138 sequences and 23953 positions in the first alignment file:
AT5G40440_Tibouchina_supercontig.fasta

AT5G40440_Tibouchina_supercontig.fasta
Original alignment: 23953 positions
Gblocks alignment:  0 positions (0 %) in 0 selected block(s)


107 sequences and 10358 positions in the first alignment file:
AT5G60590_Tibouchina_supercontig.fasta

AT5G60590_Tibouchina_supercontig.fasta
Original alignment: 10358 positions
Gblocks alignment:  0 positions (0 %) in 0 selected block(s)


139 sequences and 55824 positions in the first alignment file:
AT5G64370_Tibouchina_supercontig.fasta

AT5G64370_Tibouchina_supercontig.fasta
Original alignment: 55824 positions
Gblocks alignment:  0 positions (0 %) in 0 selected block(s)


138 sequences and 53856 positions in the first alignment file:
AT5G67530_Tibouchina_supercontig.fasta

AT5G67530_Tibouchina_supercontig.fasta
Original alignment: 53856 positions
Gblocks alignment:  0 positions (0 %) in 0 selected block(s)


139 sequences and 31863 positions in the first alignment file:
TC02G003400_Tibouchina_supercontig.fasta

TC02G003400_Tibouchina_supercontig.fasta
Original alignment: 31863 positions
Gblocks alignment:  0 positions (0 %) in 0 selected block(s)


134 sequences and 18771 positions in the first alignment file:
TC02G006310_Tibouchina_supercontig.fasta

TC02G006310_Tibouchina_supercontig.fasta
Original alignment: 18771 positions
Gblocks alignment:  0 positions (0 %) in 0 selected block(s)


139 sequences and 25364 positions in the first alignment file:
TC02G023190_Tibouchina_supercontig.fasta

TC02G023190_Tibouchina_supercontig.fasta
Original alignment: 25364 positions
Gblocks alignment:  0 positions (0 %) in 0 selected block(s)


139 sequences and 6892 positions in the first alignment file:
TC03G025580_Tibouchina_supercontig.fasta

TC03G025580_Tibouchina_supercontig.fasta
Original alignment: 6892 positions
Gblocks alignment:  0 positions (0 %) in 0 selected block(s)


139 sequences and 24984 positions in the first alignment file:
TC04G006100_Tibouchina_supercontig.fasta

TC04G006100_Tibouchina_supercontig.fasta
Original alignment: 24984 positions
Gblocks alignment:  0 positions (0 %) in 0 selected block(s)


135 sequences and 11046 positions in the first alignment file:
TC04G030490_Tibouchina_supercontig.fasta

TC04G030490_Tibouchina_supercontig.fasta
Original alignment: 11046 positions
Gblocks alignment:  0 positions (0 %) in 0 selected block(s)


139 sequences and 42745 positions in the first alignment file:
TC05G008010_Tibouchina_supercontig.fasta

TC05G008010_Tibouchina_supercontig.fasta
Original alignment: 42745 positions
Gblocks alignment:  0 positions (0 %) in 0 selected block(s)


137 sequences and 18903 positions in the first alignment file:
TC05G027690_Tibouchina_supercontig.fasta

TC05G027690_Tibouchina_supercontig.fasta
Original alignment: 18903 positions
Gblocks alignment:  0 positions (0 %) in 0 selected block(s)


140 sequences and 46899 positions in the first alignment file:
TC05G029300_Tibouchina_supercontig.fasta

TC05G029300_Tibouchina_supercontig.fasta
Original alignment: 46899 positions
Gblocks alignment:  0 positions (0 %) in 0 selected block(s)


104 sequences and 8096 positions in the first alignment file:
TC06G011670_Tibouchina_supercontig.fasta

TC06G011670_Tibouchina_supercontig.fasta
Original alignment: 8096 positions
Gblocks alignment:  0 positions (0 %) in 0 selected block(s)


86 sequences and 1070 positions in the first alignment file:
TC06G020780_Transcriptome_supercontig.fasta

TC06G020780_Transcriptome_supercontig.fasta
Original alignment: 1070 positions
Gblocks alignment:  0 positions (0 %) in 0 selected block(s)


137 sequences and 13349 positions in the first alignment file:
TC07G000500_Tibouchina_supercontig.fasta

TC07G000500_Tibouchina_supercontig.fasta
Original alignment: 13349 positions
Gblocks alignment:  0 positions (0 %) in 0 selected block(s)


138 sequences and 15530 positions in the first alignment file:
TC07G011130_Tibouchina_supercontig.fasta

TC07G011130_Tibouchina_supercontig.fasta
Original alignment: 15530 positions
Gblocks alignment:  0 positions (0 %) in 0 selected block(s)


135 sequences and 18256 positions in the first alignment file:
TC09G025650_Tibouchina_supercontig.fasta

TC09G025650_Tibouchina_supercontig.fasta
Original alignment: 18256 positions
Gblocks alignment:  0 positions (0 %) in 0 selected block(s)

