
43 sequences and 395 positions in the first alignment file:
Trimal50_4471_IDAU_supercontig.fasta


WARNING: Parameter -e not properly entered.
The string has to have 5 characters maximum
Trimal50_4471_IDAU_supercontig.fasta
Original alignment: 395 positions
Gblocks alignment:  237 positions (60 %) in 1 selected block(s)


16 sequences and 395 positions in the first alignment file:
Trimal50_4691_IDAU_supercontig.fasta


WARNING: Parameter -e not properly entered.
The string has to have 5 characters maximum
Trimal50_4691_IDAU_supercontig.fasta
Original alignment: 395 positions
Gblocks alignment:  279 positions (70 %) in 1 selected block(s)


105 sequences and 245 positions in the first alignment file:
Trimal50_4806_DZLN_supercontig.fasta


WARNING: Parameter -e not properly entered.
The string has to have 5 characters maximum
Trimal50_4806_DZLN_supercontig.fasta
Original alignment: 245 positions
Gblocks alignment:  209 positions (85 %) in 1 selected block(s)


12 sequences and 262 positions in the first alignment file:
Trimal50_5090_BZDF_supercontig.fasta


WARNING: Parameter -e not properly entered.
The string has to have 5 characters maximum
Trimal50_5090_BZDF_supercontig.fasta
Original alignment: 262 positions
Gblocks alignment:  217 positions (82 %) in 1 selected block(s)


15 sequences and 344 positions in the first alignment file:
Trimal50_5138_WMUK_supercontig.fasta


WARNING: Parameter -e not properly entered.
The string has to have 5 characters maximum
Trimal50_5138_WMUK_supercontig.fasta
Original alignment: 344 positions
Gblocks alignment:  218 positions (63 %) in 1 selected block(s)


23 sequences and 305 positions in the first alignment file:
Trimal50_5260_ARYD_supercontig.fasta


WARNING: Parameter -e not properly entered.
The string has to have 5 characters maximum
Trimal50_5260_ARYD_supercontig.fasta
Original alignment: 305 positions
Gblocks alignment:  207 positions (67 %) in 1 selected block(s)


135 sequences and 697 positions in the first alignment file:
Trimal50_5264_Tibouchina_supercontig.fasta


WARNING: Parameter -e not properly entered.
The string has to have 5 characters maximum
Trimal50_5264_Tibouchina_supercontig.fasta
Original alignment: 697 positions
Gblocks alignment:  400 positions (57 %) in 1 selected block(s)


137 sequences and 3558 positions in the first alignment file:
Trimal50_5406_Tibouchina_supercontig.fasta


WARNING: Parameter -e not properly entered.
The string has to have 5 characters maximum
Trimal50_5406_Tibouchina_supercontig.fasta
Original alignment: 3558 positions
Gblocks alignment:  2151 positions (60 %) in 3 selected block(s)


136 sequences and 2010 positions in the first alignment file:
Trimal50_5477_Tibouchina_supercontig.fasta


WARNING: Parameter -e not properly entered.
The string has to have 5 characters maximum
Trimal50_5477_Tibouchina_supercontig.fasta
Original alignment: 2010 positions
Gblocks alignment:  965 positions (48 %) in 1 selected block(s)


11 sequences and 260 positions in the first alignment file:
Trimal50_5594_BXBF_supercontig.fasta


WARNING: Parameter -e not properly entered.
The string has to have 5 characters maximum
Trimal50_5594_BXBF_supercontig.fasta
Original alignment: 260 positions
Gblocks alignment:  226 positions (86 %) in 1 selected block(s)


83 sequences and 1090 positions in the first alignment file:
Trimal50_5639_Tibouchina_supercontig.fasta


WARNING: Parameter -e not properly entered.
The string has to have 5 characters maximum
Trimal50_5639_Tibouchina_supercontig.fasta
Original alignment: 1090 positions
Gblocks alignment:  486 positions (44 %) in 1 selected block(s)


135 sequences and 1356 positions in the first alignment file:
Trimal50_5644_Tibouchina_supercontig.fasta


WARNING: Parameter -e not properly entered.
The string has to have 5 characters maximum
Trimal50_5644_Tibouchina_supercontig.fasta
Original alignment: 1356 positions
Gblocks alignment:  371 positions (27 %) in 1 selected block(s)


136 sequences and 1211 positions in the first alignment file:
Trimal50_5716_Tibouchina_supercontig.fasta


WARNING: Parameter -e not properly entered.
The string has to have 5 characters maximum
Trimal50_5716_Tibouchina_supercontig.fasta
Original alignment: 1211 positions
Gblocks alignment:  487 positions (40 %) in 2 selected block(s)


14 sequences and 244 positions in the first alignment file:
Trimal50_5772_BZDF_supercontig.fasta


WARNING: Parameter -e not properly entered.
The string has to have 5 characters maximum
Trimal50_5772_BZDF_supercontig.fasta
Original alignment: 244 positions
Gblocks alignment:  215 positions (88 %) in 1 selected block(s)


17 sequences and 243 positions in the first alignment file:
Trimal50_5842_IMZV_supercontig.fasta


WARNING: Parameter -e not properly entered.
The string has to have 5 characters maximum
Trimal50_5842_IMZV_supercontig.fasta
Original alignment: 243 positions
Gblocks alignment:  215 positions (88 %) in 1 selected block(s)


128 sequences and 701 positions in the first alignment file:
Trimal50_5865_IMZV_supercontig.fasta


WARNING: Parameter -e not properly entered.
The string has to have 5 characters maximum
Trimal50_5865_IMZV_supercontig.fasta
Original alignment: 701 positions
Gblocks alignment:  259 positions (36 %) in 1 selected block(s)


43 sequences and 350 positions in the first alignment file:
Trimal50_5910_ZINQ_supercontig.fasta


WARNING: Parameter -e not properly entered.
The string has to have 5 characters maximum
Trimal50_5910_ZINQ_supercontig.fasta
Original alignment: 350 positions
Gblocks alignment:  200 positions (57 %) in 1 selected block(s)


25 sequences and 627 positions in the first alignment file:
Trimal50_5926_Tibouchina_appended_supercontig.fasta


WARNING: Parameter -e not properly entered.
The string has to have 5 characters maximum
Trimal50_5926_Tibouchina_appended_supercontig.fasta
Original alignment: 627 positions
Gblocks alignment:  323 positions (51 %) in 1 selected block(s)


137 sequences and 1575 positions in the first alignment file:
Trimal50_5942_Tibouchina_supercontig.fasta


WARNING: Parameter -e not properly entered.
The string has to have 5 characters maximum
Trimal50_5942_Tibouchina_supercontig.fasta
Original alignment: 1575 positions
Gblocks alignment:  593 positions (37 %) in 1 selected block(s)


24 sequences and 238 positions in the first alignment file:
Trimal50_5990_AXNH_supercontig.fasta


WARNING: Parameter -e not properly entered.
The string has to have 5 characters maximum
Trimal50_5990_AXNH_supercontig.fasta
Original alignment: 238 positions
Gblocks alignment:  190 positions (79 %) in 1 selected block(s)


137 sequences and 2021 positions in the first alignment file:
Trimal50_6119_Tibouchina_supercontig.fasta


WARNING: Parameter -e not properly entered.
The string has to have 5 characters maximum
Trimal50_6119_Tibouchina_supercontig.fasta
Original alignment: 2021 positions
Gblocks alignment:  348 positions (17 %) in 1 selected block(s)


124 sequences and 257 positions in the first alignment file:
Trimal50_6130_HYZL_supercontig.fasta


WARNING: Parameter -e not properly entered.
The string has to have 5 characters maximum
Trimal50_6130_HYZL_supercontig.fasta
Original alignment: 257 positions
Gblocks alignment:  229 positions (89 %) in 1 selected block(s)


123 sequences and 262 positions in the first alignment file:
Trimal50_6164_IMZV_supercontig.fasta


WARNING: Parameter -e not properly entered.
The string has to have 5 characters maximum
Trimal50_6164_IMZV_supercontig.fasta
Original alignment: 262 positions
Gblocks alignment:  220 positions (83 %) in 1 selected block(s)


93 sequences and 260 positions in the first alignment file:
Trimal50_6221_UPZX_supercontig.fasta


WARNING: Parameter -e not properly entered.
The string has to have 5 characters maximum
Trimal50_6221_UPZX_supercontig.fasta
Original alignment: 260 positions
Gblocks alignment:  215 positions (82 %) in 1 selected block(s)


15 sequences and 228 positions in the first alignment file:
Trimal50_6226_HKMQ_supercontig.fasta


WARNING: Parameter -e not properly entered.
The string has to have 5 characters maximum
Trimal50_6226_HKMQ_supercontig.fasta
Original alignment: 228 positions
Gblocks alignment:  185 positions (81 %) in 1 selected block(s)


138 sequences and 1538 positions in the first alignment file:
Trimal50_6227_Tibouchina_supercontig.fasta


WARNING: Parameter -e not properly entered.
The string has to have 5 characters maximum
Trimal50_6227_Tibouchina_supercontig.fasta
Original alignment: 1538 positions
Gblocks alignment:  1154 positions (75 %) in 1 selected block(s)


46 sequences and 222 positions in the first alignment file:
Trimal50_6378_BZDF_supercontig.fasta


WARNING: Parameter -e not properly entered.
The string has to have 5 characters maximum
Trimal50_6378_BZDF_supercontig.fasta
Original alignment: 222 positions
Gblocks alignment:  177 positions (79 %) in 1 selected block(s)


26 sequences and 299 positions in the first alignment file:
Trimal50_6387_HKMQ_supercontig.fasta


WARNING: Parameter -e not properly entered.
The string has to have 5 characters maximum
Trimal50_6387_HKMQ_supercontig.fasta
Original alignment: 299 positions
Gblocks alignment:  241 positions (80 %) in 1 selected block(s)


23 sequences and 391 positions in the first alignment file:
Trimal50_6459_Torricelli_supercontig.fasta


WARNING: Parameter -e not properly entered.
The string has to have 5 characters maximum
Trimal50_6459_Torricelli_supercontig.fasta
Original alignment: 391 positions
Gblocks alignment:  282 positions (72 %) in 1 selected block(s)


29 sequences and 251 positions in the first alignment file:
Trimal50_6488_KBRW_supercontig.fasta


WARNING: Parameter -e not properly entered.
The string has to have 5 characters maximum
Trimal50_6488_KBRW_supercontig.fasta
Original alignment: 251 positions
Gblocks alignment:  209 positions (83 %) in 1 selected block(s)


17 sequences and 250 positions in the first alignment file:
Trimal50_6506_UPZX_supercontig.fasta


WARNING: Parameter -e not properly entered.
The string has to have 5 characters maximum
Trimal50_6506_UPZX_supercontig.fasta
Original alignment: 250 positions
Gblocks alignment:  228 positions (91 %) in 1 selected block(s)


139 sequences and 1058 positions in the first alignment file:
Trimal50_6527_Tibouchina_supercontig.fasta


WARNING: Parameter -e not properly entered.
The string has to have 5 characters maximum
Trimal50_6527_Tibouchina_supercontig.fasta
Original alignment: 1058 positions
Gblocks alignment:  402 positions (37 %) in 1 selected block(s)


115 sequences and 876 positions in the first alignment file:
Trimal50_6544_Tibouchina_supercontig.fasta


WARNING: Parameter -e not properly entered.
The string has to have 5 characters maximum
Trimal50_6544_Tibouchina_supercontig.fasta
Original alignment: 876 positions
Gblocks alignment:  309 positions (35 %) in 1 selected block(s)


135 sequences and 588 positions in the first alignment file:
Trimal50_6550_Tibouchina_supercontig.fasta


WARNING: Parameter -e not properly entered.
The string has to have 5 characters maximum
Trimal50_6550_Tibouchina_supercontig.fasta
Original alignment: 588 positions
Gblocks alignment:  323 positions (54 %) in 1 selected block(s)


15 sequences and 228 positions in the first alignment file:
Trimal50_6679_IMZV_supercontig.fasta


WARNING: Parameter -e not properly entered.
The string has to have 5 characters maximum
Trimal50_6679_IMZV_supercontig.fasta
Original alignment: 228 positions
Gblocks alignment:  195 positions (85 %) in 1 selected block(s)


24 sequences and 254 positions in the first alignment file:
Trimal50_6780_AXNH_supercontig.fasta


WARNING: Parameter -e not properly entered.
The string has to have 5 characters maximum
Trimal50_6780_AXNH_supercontig.fasta
Original alignment: 254 positions
Gblocks alignment:  201 positions (79 %) in 1 selected block(s)


137 sequences and 576 positions in the first alignment file:
Trimal50_6854_Tibouchina_supercontig.fasta


WARNING: Parameter -e not properly entered.
The string has to have 5 characters maximum
Trimal50_6854_Tibouchina_supercontig.fasta
Original alignment: 576 positions
Gblocks alignment:  281 positions (48 %) in 1 selected block(s)


11 sequences and 493 positions in the first alignment file:
Trimal50_6947_ARYD_supercontig.fasta


WARNING: Parameter -e not properly entered.
The string has to have 5 characters maximum
Trimal50_6947_ARYD_supercontig.fasta
Original alignment: 493 positions
Gblocks alignment:  259 positions (52 %) in 1 selected block(s)


42 sequences and 258 positions in the first alignment file:
Trimal50_6954_IDAU_supercontig.fasta


WARNING: Parameter -e not properly entered.
The string has to have 5 characters maximum
Trimal50_6954_IDAU_supercontig.fasta
Original alignment: 258 positions
Gblocks alignment:  216 positions (83 %) in 1 selected block(s)


63 sequences and 298 positions in the first alignment file:
Trimal50_6977_DZLN_supercontig.fasta


WARNING: Parameter -e not properly entered.
The string has to have 5 characters maximum
Trimal50_6977_DZLN_supercontig.fasta
Original alignment: 298 positions
Gblocks alignment:  208 positions (69 %) in 1 selected block(s)


116 sequences and 305 positions in the first alignment file:
Trimal50_7029_Torricelli_supercontig.fasta


WARNING: Parameter -e not properly entered.
The string has to have 5 characters maximum
Trimal50_7029_Torricelli_supercontig.fasta
Original alignment: 305 positions
Gblocks alignment:  220 positions (72 %) in 1 selected block(s)


137 sequences and 1500 positions in the first alignment file:
Trimal50_7136_Tibouchina_supercontig.fasta


WARNING: Parameter -e not properly entered.
The string has to have 5 characters maximum
Trimal50_7136_Tibouchina_supercontig.fasta
Original alignment: 1500 positions
Gblocks alignment:  1146 positions (76 %) in 1 selected block(s)


59 sequences and 425 positions in the first alignment file:
Trimal50_7602_VMNH_supercontig.fasta


WARNING: Parameter -e not properly entered.
The string has to have 5 characters maximum
Trimal50_7602_VMNH_supercontig.fasta
Original alignment: 425 positions
Gblocks alignment:  227 positions (53 %) in 1 selected block(s)


136 sequences and 1998 positions in the first alignment file:
Trimal50_AT1G17160_Tibouchina_supercontig.fasta


WARNING: Parameter -e not properly entered.
The string has to have 5 characters maximum
Trimal50_AT1G17160_Tibouchina_supercontig.fasta
Original alignment: 1998 positions
Gblocks alignment:  600 positions (30 %) in 1 selected block(s)


138 sequences and 4492 positions in the first alignment file:
Trimal50_AT3G02760_Tibouchina_supercontig.fasta


WARNING: Parameter -e not properly entered.
The string has to have 5 characters maximum
Trimal50_AT3G02760_Tibouchina_supercontig.fasta
Original alignment: 4492 positions
Gblocks alignment:  2949 positions (65 %) in 2 selected block(s)


138 sequences and 2168 positions in the first alignment file:
Trimal50_AT3G24190_Tibouchina_supercontig.fasta


WARNING: Parameter -e not properly entered.
The string has to have 5 characters maximum
Trimal50_AT3G24190_Tibouchina_supercontig.fasta
Original alignment: 2168 positions
Gblocks alignment:  1737 positions (80 %) in 1 selected block(s)


137 sequences and 2151 positions in the first alignment file:
Trimal50_AT3G26782_Tibouchina_supercontig.fasta


WARNING: Parameter -e not properly entered.
The string has to have 5 characters maximum
Trimal50_AT3G26782_Tibouchina_supercontig.fasta
Original alignment: 2151 positions
Gblocks alignment:  1228 positions (57 %) in 1 selected block(s)


139 sequences and 1575 positions in the first alignment file:
Trimal50_AT3G56460_Tibouchina_supercontig.fasta


WARNING: Parameter -e not properly entered.
The string has to have 5 characters maximum
Trimal50_AT3G56460_Tibouchina_supercontig.fasta
Original alignment: 1575 positions
Gblocks alignment:  677 positions (42 %) in 2 selected block(s)


139 sequences and 765 positions in the first alignment file:
Trimal50_AT3G56940_Tibouchina_supercontig.fasta


WARNING: Parameter -e not properly entered.
The string has to have 5 characters maximum
Trimal50_AT3G56940_Tibouchina_supercontig.fasta
Original alignment: 765 positions
Gblocks alignment:  429 positions (56 %) in 1 selected block(s)


140 sequences and 1870 positions in the first alignment file:
Trimal50_AT4G38890_Brachyotum_supercontig.fasta


WARNING: Parameter -e not properly entered.
The string has to have 5 characters maximum
Trimal50_AT4G38890_Brachyotum_supercontig.fasta
Original alignment: 1870 positions
Gblocks alignment:  1472 positions (78 %) in 1 selected block(s)


137 sequences and 1970 positions in the first alignment file:
Trimal50_AT4G39520_Tibouchina_supercontig.fasta


WARNING: Parameter -e not properly entered.
The string has to have 5 characters maximum
Trimal50_AT4G39520_Tibouchina_supercontig.fasta
Original alignment: 1970 positions
Gblocks alignment:  777 positions (39 %) in 2 selected block(s)


138 sequences and 1834 positions in the first alignment file:
Trimal50_AT5G06830_Tibouchina_supercontig.fasta


WARNING: Parameter -e not properly entered.
The string has to have 5 characters maximum
Trimal50_AT5G06830_Tibouchina_supercontig.fasta
Original alignment: 1834 positions
Gblocks alignment:  1351 positions (73 %) in 1 selected block(s)


139 sequences and 6604 positions in the first alignment file:
Trimal50_AT5G13630_Tibouchina_supercontig.fasta


WARNING: Parameter -e not properly entered.
The string has to have 5 characters maximum
Trimal50_AT5G13630_Tibouchina_supercontig.fasta
Original alignment: 6604 positions
Gblocks alignment:  3259 positions (49 %) in 3 selected block(s)


138 sequences and 2421 positions in the first alignment file:
Trimal50_AT5G40440_Tibouchina_supercontig.fasta


WARNING: Parameter -e not properly entered.
The string has to have 5 characters maximum
Trimal50_AT5G40440_Tibouchina_supercontig.fasta
Original alignment: 2421 positions
Gblocks alignment:  1567 positions (64 %) in 1 selected block(s)


107 sequences and 921 positions in the first alignment file:
Trimal50_AT5G60590_Tibouchina_supercontig.fasta


WARNING: Parameter -e not properly entered.
The string has to have 5 characters maximum
Trimal50_AT5G60590_Tibouchina_supercontig.fasta
Original alignment: 921 positions
Gblocks alignment:  655 positions (71 %) in 1 selected block(s)


139 sequences and 3192 positions in the first alignment file:
Trimal50_AT5G64370_Tibouchina_supercontig.fasta


WARNING: Parameter -e not properly entered.
The string has to have 5 characters maximum
Trimal50_AT5G64370_Tibouchina_supercontig.fasta
Original alignment: 3192 positions
Gblocks alignment:  1469 positions (46 %) in 3 selected block(s)


138 sequences and 3736 positions in the first alignment file:
Trimal50_AT5G67530_Tibouchina_supercontig.fasta


WARNING: Parameter -e not properly entered.
The string has to have 5 characters maximum
Trimal50_AT5G67530_Tibouchina_supercontig.fasta
Original alignment: 3736 positions
Gblocks alignment:  1689 positions (45 %) in 2 selected block(s)


139 sequences and 2242 positions in the first alignment file:
Trimal50_TC02G003400_Tibouchina_supercontig.fasta


WARNING: Parameter -e not properly entered.
The string has to have 5 characters maximum
Trimal50_TC02G003400_Tibouchina_supercontig.fasta
Original alignment: 2242 positions
Gblocks alignment:  1869 positions (83 %) in 1 selected block(s)


139 sequences and 2579 positions in the first alignment file:
Trimal50_TC02G023190_Tibouchina_supercontig.fasta


WARNING: Parameter -e not properly entered.
The string has to have 5 characters maximum
Trimal50_TC02G023190_Tibouchina_supercontig.fasta
Original alignment: 2579 positions
Gblocks alignment:  1002 positions (38 %) in 3 selected block(s)


139 sequences and 1713 positions in the first alignment file:
Trimal50_TC03G025580_Tibouchina_supercontig.fasta


WARNING: Parameter -e not properly entered.
The string has to have 5 characters maximum
Trimal50_TC03G025580_Tibouchina_supercontig.fasta
Original alignment: 1713 positions
Gblocks alignment:  1347 positions (78 %) in 1 selected block(s)


139 sequences and 1591 positions in the first alignment file:
Trimal50_TC04G006100_Tibouchina_supercontig.fasta


WARNING: Parameter -e not properly entered.
The string has to have 5 characters maximum
Trimal50_TC04G006100_Tibouchina_supercontig.fasta
Original alignment: 1591 positions
Gblocks alignment:  1179 positions (74 %) in 1 selected block(s)


135 sequences and 1690 positions in the first alignment file:
Trimal50_TC04G030490_Tibouchina_supercontig.fasta


WARNING: Parameter -e not properly entered.
The string has to have 5 characters maximum
Trimal50_TC04G030490_Tibouchina_supercontig.fasta
Original alignment: 1690 positions
Gblocks alignment:  477 positions (28 %) in 1 selected block(s)


139 sequences and 2661 positions in the first alignment file:
Trimal50_TC05G008010_Tibouchina_supercontig.fasta


WARNING: Parameter -e not properly entered.
The string has to have 5 characters maximum
Trimal50_TC05G008010_Tibouchina_supercontig.fasta
Original alignment: 2661 positions
Gblocks alignment:  2176 positions (81 %) in 2 selected block(s)


137 sequences and 1599 positions in the first alignment file:
Trimal50_TC05G027690_Tibouchina_supercontig.fasta


WARNING: Parameter -e not properly entered.
The string has to have 5 characters maximum
Trimal50_TC05G027690_Tibouchina_supercontig.fasta
Original alignment: 1599 positions
Gblocks alignment:  1219 positions (76 %) in 1 selected block(s)


140 sequences and 2494 positions in the first alignment file:
Trimal50_TC05G029300_Tibouchina_supercontig.fasta


WARNING: Parameter -e not properly entered.
The string has to have 5 characters maximum
Trimal50_TC05G029300_Tibouchina_supercontig.fasta
Original alignment: 2494 positions
Gblocks alignment:  1965 positions (78 %) in 1 selected block(s)


104 sequences and 1341 positions in the first alignment file:
Trimal50_TC06G011670_Tibouchina_supercontig.fasta


WARNING: Parameter -e not properly entered.
The string has to have 5 characters maximum
Trimal50_TC06G011670_Tibouchina_supercontig.fasta
Original alignment: 1341 positions
Gblocks alignment:  396 positions (29 %) in 1 selected block(s)


86 sequences and 498 positions in the first alignment file:
Trimal50_TC06G020780_Transcriptome_supercontig.fasta


WARNING: Parameter -e not properly entered.
The string has to have 5 characters maximum
Trimal50_TC06G020780_Transcriptome_supercontig.fasta
Original alignment: 498 positions
Gblocks alignment:  0 positions (0 %) in 0 selected block(s)


137 sequences and 1637 positions in the first alignment file:
Trimal50_TC07G000500_Tibouchina_supercontig.fasta


WARNING: Parameter -e not properly entered.
The string has to have 5 characters maximum
Trimal50_TC07G000500_Tibouchina_supercontig.fasta
Original alignment: 1637 positions
Gblocks alignment:  320 positions (19 %) in 1 selected block(s)


138 sequences and 1653 positions in the first alignment file:
Trimal50_TC07G011130_Tibouchina_supercontig.fasta


WARNING: Parameter -e not properly entered.
The string has to have 5 characters maximum
Trimal50_TC07G011130_Tibouchina_supercontig.fasta
Original alignment: 1653 positions
Gblocks alignment:  282 positions (17 %) in 2 selected block(s)


135 sequences and 1665 positions in the first alignment file:
Trimal50_TC09G025650_Tibouchina_supercontig.fasta


WARNING: Parameter -e not properly entered.
The string has to have 5 characters maximum
Trimal50_TC09G025650_Tibouchina_supercontig.fasta
Original alignment: 1665 positions
Gblocks alignment:  688 positions (41 %) in 1 selected block(s)

